{"name":"webEnabledTestcase","status":"broken","statusDetails":{"known":false,"muted":false,"flaky":false,"message":"No such context found.\nBuild info: version: '4.9.0', revision: 'd7057100a6'\nSystem info: os.name: 'Mac OS X', os.arch: 'x86_64', os.version: '12.6', java.version: '11.0.16'\nDriver info: io.appium.java_client.ios.IOSDriver\nCommand: [12a46899-7a31-4aaf-953f-9f1f3eab8fdd, switchToContext {name=WEBVIEW}]\nCapabilities {appium:address: 0.0.0.0, appium:allowCors: false, appium:allowInsecure: [], appium:app: /Users/ostan/Documents/Auto..., appium:autoAcceptAlerts: true, appium:automationName: FLUTTER, appium:basePath: , appium:browserstack.appium_version: 2.0.0, appium:browserstack.debug: true, appium:browserstack.local: true, appium:browserstack.networkLogs: true, appium:buildName: Mercury_QA, appium:bundleID: com.example.gesture-automate, appium:callbackPort: 4723, appium:debugLogSpacing: false, appium:denyInsecure: [], appium:deviceName: iPhone 14, appium:driver: {xcuitest: {wdaLocalPort: 8100}}, appium:eventTimings: true, appium:extraArgs: [], appium:fastReset: true, appium:keepAliveTimeout: 600, appium:localTimezone: false, appium:locationServicesAuthorized: true, appium:logNoColors: false, appium:logTimestamp: false, appium:loglevel: debug, appium:longStacktrace: false, appium:name: Flutter Test, appium:newCommandTimeout: 180, appium:noPermsCheck: false, appium:noReset: false, appium:platformVersion: 16.0, appium:port: 4723, appium:relaxedSecurityEnabled: false, appium:sessionOverride: false, appium:skipUninstall: true, appium:strictCaps: false, appium:subcommand: server, appium:tmpDir: /var/folders/h2/7jxd5fsj79l..., appium:udid: CFB3C3A2-24DF-4C07-9591-B0D..., appium:useDrivers: [], appium:usePlugins: [], appium:waitForAppScript: $.delay(8000);$.acceptAlert(), appium:xcodeOrgId: Null, appium:xcodeSigningId: Null, platformName: IOS}\nSession ID: 12a46899-7a31-4aaf-953f-9f1f3eab8fdd","trace":"io.appium.java_client.NoSuchContextException: No such context found.\nBuild info: version: '4.9.0', revision: 'd7057100a6'\nSystem info: os.name: 'Mac OS X', os.arch: 'x86_64', os.version: '12.6', java.version: '11.0.16'\nDriver info: io.appium.java_client.ios.IOSDriver\nCommand: [12a46899-7a31-4aaf-953f-9f1f3eab8fdd, switchToContext {name=WEBVIEW}]\nCapabilities {appium:address: 0.0.0.0, appium:allowCors: false, appium:allowInsecure: [], appium:app: /Users/ostan/Documents/Auto..., appium:autoAcceptAlerts: true, appium:automationName: FLUTTER, appium:basePath: , appium:browserstack.appium_version: 2.0.0, appium:browserstack.debug: true, appium:browserstack.local: true, appium:browserstack.networkLogs: true, appium:buildName: Mercury_QA, appium:bundleID: com.example.gesture-automate, appium:callbackPort: 4723, appium:debugLogSpacing: false, appium:denyInsecure: [], appium:deviceName: iPhone 14, appium:driver: {xcuitest: {wdaLocalPort: 8100}}, appium:eventTimings: true, appium:extraArgs: [], appium:fastReset: true, appium:keepAliveTimeout: 600, appium:localTimezone: false, appium:locationServicesAuthorized: true, appium:logNoColors: false, appium:logTimestamp: false, appium:loglevel: debug, appium:longStacktrace: false, appium:name: Flutter Test, appium:newCommandTimeout: 180, appium:noPermsCheck: false, appium:noReset: false, appium:platformVersion: 16.0, appium:port: 4723, appium:relaxedSecurityEnabled: false, appium:sessionOverride: false, appium:skipUninstall: true, appium:strictCaps: false, appium:subcommand: server, appium:tmpDir: /var/folders/h2/7jxd5fsj79l..., appium:udid: CFB3C3A2-24DF-4C07-9591-B0D..., appium:useDrivers: [], appium:usePlugins: [], appium:waitForAppScript: $.delay(8000);$.acceptAlert(), appium:xcodeOrgId: Null, appium:xcodeSigningId: Null, platformName: IOS}\nSession ID: 12a46899-7a31-4aaf-953f-9f1f3eab8fdd\n\tat io.appium.java_client.remote.SupportsContextSwitching.context(SupportsContextSwitching.java:48)\n\tat com.codecraft.flutter.utils.Base.switchContext(Base.java:451)\n\tat com.codecraft.flutter.webView.WebViewNativePage.webSearch(WebViewNativePage.java:26)\n\tat com.codecraft.flutter.WebViewTest.WebViewTest.webEnabledTestcase(WebViewTest.java:19)\n\tat java.base/jdk.internal.reflect.NativeMethodAccessorImpl.invoke0(Native Method)\n\tat java.base/jdk.internal.reflect.NativeMethodAccessorImpl.invoke(NativeMethodAccessorImpl.java:62)\n\tat java.base/jdk.internal.reflect.DelegatingMethodAccessorImpl.invoke(DelegatingMethodAccessorImpl.java:43)\n\tat java.base/java.lang.reflect.Method.invoke(Method.java:566)\n\tat org.testng.internal.invokers.MethodInvocationHelper.invokeMethod(MethodInvocationHelper.java:139)\n\tat org.testng.internal.invokers.TestInvoker.invokeMethod(TestInvoker.java:677)\n\tat org.testng.internal.invokers.TestInvoker.invokeTestMethod(TestInvoker.java:221)\n\tat org.testng.internal.invokers.MethodRunner.runInSequence(MethodRunner.java:50)\n\tat org.testng.internal.invokers.TestInvoker$MethodInvocationAgent.invoke(TestInvoker.java:969)\n\tat org.testng.internal.invokers.TestInvoker.invokeTestMethods(TestInvoker.java:194)\n\tat org.testng.internal.invokers.TestMethodWorker.invokeTestMethods(TestMethodWorker.java:148)\n\tat org.testng.internal.invokers.TestMethodWorker.run(TestMethodWorker.java:128)\n\tat java.base/java.util.ArrayList.forEach(ArrayList.java:1541)\n\tat org.testng.TestRunner.privateRun(TestRunner.java:829)\n\tat org.testng.TestRunner.run(TestRunner.java:602)\n\tat org.testng.SuiteRunner.runTest(SuiteRunner.java:437)\n\tat org.testng.SuiteRunner.runSequentially(SuiteRunner.java:431)\n\tat org.testng.SuiteRunner.privateRun(SuiteRunner.java:391)\n\tat org.testng.SuiteRunner.run(SuiteRunner.java:330)\n\tat org.testng.SuiteRunnerWorker.runSuite(SuiteRunnerWorker.java:52)\n\tat org.testng.SuiteRunnerWorker.run(SuiteRunnerWorker.java:95)\n\tat org.testng.TestNG.runSuitesSequentially(TestNG.java:1256)\n\tat org.testng.TestNG.runSuitesLocally(TestNG.java:1176)\n\tat org.testng.TestNG.runSuites(TestNG.java:1099)\n\tat org.testng.TestNG.run(TestNG.java:1067)\n\tat com.intellij.rt.testng.IDEARemoteTestNG.run(IDEARemoteTestNG.java:66)\n\tat com.intellij.rt.testng.RemoteTestNGStarter.main(RemoteTestNGStarter.java:109)\nCaused by: org.openqa.selenium.WebDriverException: No such context found.\nBuild info: version: '4.9.0', revision: 'd7057100a6'\nSystem info: os.name: 'Mac OS X', os.arch: 'x86_64', os.version: '12.6', java.version: '11.0.16'\nDriver info: io.appium.java_client.ios.IOSDriver\nCommand: [12a46899-7a31-4aaf-953f-9f1f3eab8fdd, switchToContext {name=WEBVIEW}]\nCapabilities {appium:address: 0.0.0.0, appium:allowCors: false, appium:allowInsecure: [], appium:app: /Users/ostan/Documents/Auto..., appium:autoAcceptAlerts: true, appium:automationName: FLUTTER, appium:basePath: , appium:browserstack.appium_version: 2.0.0, appium:browserstack.debug: true, appium:browserstack.local: true, appium:browserstack.networkLogs: true, appium:buildName: Mercury_QA, appium:bundleID: com.example.gesture-automate, appium:callbackPort: 4723, appium:debugLogSpacing: false, appium:denyInsecure: [], appium:deviceName: iPhone 14, appium:driver: {xcuitest: {wdaLocalPort: 8100}}, appium:eventTimings: true, appium:extraArgs: [], appium:fastReset: true, appium:keepAliveTimeout: 600, appium:localTimezone: false, appium:locationServicesAuthorized: true, appium:logNoColors: false, appium:logTimestamp: false, appium:loglevel: debug, appium:longStacktrace: false, appium:name: Flutter Test, appium:newCommandTimeout: 180, appium:noPermsCheck: false, appium:noReset: false, appium:platformVersion: 16.0, appium:port: 4723, appium:relaxedSecurityEnabled: false, appium:sessionOverride: false, appium:skipUninstall: true, appium:strictCaps: false, appium:subcommand: server, appium:tmpDir: /var/folders/h2/7jxd5fsj79l..., appium:udid: CFB3C3A2-24DF-4C07-9591-B0D..., appium:useDrivers: [], appium:usePlugins: [], appium:waitForAppScript: $.delay(8000);$.acceptAlert(), appium:xcodeOrgId: Null, appium:xcodeSigningId: Null, platformName: IOS}\nSession ID: 12a46899-7a31-4aaf-953f-9f1f3eab8fdd\n\tat java.base/jdk.internal.reflect.NativeConstructorAccessorImpl.newInstance0(Native Method)\n\tat java.base/jdk.internal.reflect.NativeConstructorAccessorImpl.newInstance(NativeConstructorAccessorImpl.java:62)\n\tat java.base/jdk.internal.reflect.DelegatingConstructorAccessorImpl.newInstance(DelegatingConstructorAccessorImpl.java:45)\n\tat java.base/java.lang.reflect.Constructor.newInstance(Constructor.java:490)\n\tat org.openqa.selenium.remote.codec.w3c.W3CHttpResponseCodec.createException(W3CHttpResponseCodec.java:200)\n\tat org.openqa.selenium.remote.codec.w3c.W3CHttpResponseCodec.decode(W3CHttpResponseCodec.java:133)\n\tat org.openqa.selenium.remote.codec.w3c.W3CHttpResponseCodec.decode(W3CHttpResponseCodec.java:53)\n\tat org.openqa.selenium.remote.HttpCommandExecutor.execute(HttpCommandExecutor.java:193)\n\tat io.appium.java_client.remote.AppiumCommandExecutor.execute(AppiumCommandExecutor.java:262)\n\tat org.openqa.selenium.remote.RemoteWebDriver.execute(RemoteWebDriver.java:543)\n\tat org.openqa.selenium.remote.RemoteWebDriver.execute(RemoteWebDriver.java:598)\n\tat io.appium.java_client.AppiumDriver.execute(AppiumDriver.java:267)\n\tat io.appium.java_client.remote.SupportsContextSwitching.context(SupportsContextSwitching.java:45)\n\t... 30 more\n"},"stage":"finished","steps":[{"name":"Web Search...webSearch","status":"broken","statusDetails":{"known":false,"muted":false,"flaky":false,"message":"No such context found.\nBuild info: version: '4.9.0', revision: 'd7057100a6'\nSystem info: os.name: 'Mac OS X', os.arch: 'x86_64', os.version: '12.6', java.version: '11.0.16'\nDriver info: io.appium.java_client.ios.IOSDriver\nCommand: [12a46899-7a31-4aaf-953f-9f1f3eab8fdd, switchToContext {name=WEBVIEW}]\nCapabilities {appium:address: 0.0.0.0, appium:allowCors: false, appium:allowInsecure: [], appium:app: /Users/ostan/Documents/Auto..., appium:autoAcceptAlerts: true, appium:automationName: FLUTTER, appium:basePath: , appium:browserstack.appium_version: 2.0.0, appium:browserstack.debug: true, appium:browserstack.local: true, appium:browserstack.networkLogs: true, appium:buildName: Mercury_QA, appium:bundleID: com.example.gesture-automate, appium:callbackPort: 4723, appium:debugLogSpacing: false, appium:denyInsecure: [], appium:deviceName: iPhone 14, appium:driver: {xcuitest: {wdaLocalPort: 8100}}, appium:eventTimings: true, appium:extraArgs: [], appium:fastReset: true, appium:keepAliveTimeout: 600, appium:localTimezone: false, appium:locationServicesAuthorized: true, appium:logNoColors: false, appium:logTimestamp: false, appium:loglevel: debug, appium:longStacktrace: false, appium:name: Flutter Test, appium:newCommandTimeout: 180, appium:noPermsCheck: false, appium:noReset: false, appium:platformVersion: 16.0, appium:port: 4723, appium:relaxedSecurityEnabled: false, appium:sessionOverride: false, appium:skipUninstall: true, appium:strictCaps: false, appium:subcommand: server, appium:tmpDir: /var/folders/h2/7jxd5fsj79l..., appium:udid: CFB3C3A2-24DF-4C07-9591-B0D..., appium:useDrivers: [], appium:usePlugins: [], appium:waitForAppScript: $.delay(8000);$.acceptAlert(), appium:xcodeOrgId: Null, appium:xcodeSigningId: Null, platformName: IOS}\nSession ID: 12a46899-7a31-4aaf-953f-9f1f3eab8fdd","trace":"io.appium.java_client.NoSuchContextException: No such context found.\nBuild info: version: '4.9.0', revision: 'd7057100a6'\nSystem info: os.name: 'Mac OS X', os.arch: 'x86_64', os.version: '12.6', java.version: '11.0.16'\nDriver info: io.appium.java_client.ios.IOSDriver\nCommand: [12a46899-7a31-4aaf-953f-9f1f3eab8fdd, switchToContext {name=WEBVIEW}]\nCapabilities {appium:address: 0.0.0.0, appium:allowCors: false, appium:allowInsecure: [], appium:app: /Users/ostan/Documents/Auto..., appium:autoAcceptAlerts: true, appium:automationName: FLUTTER, appium:basePath: , appium:browserstack.appium_version: 2.0.0, appium:browserstack.debug: true, appium:browserstack.local: true, appium:browserstack.networkLogs: true, appium:buildName: Mercury_QA, appium:bundleID: com.example.gesture-automate, appium:callbackPort: 4723, appium:debugLogSpacing: false, appium:denyInsecure: [], appium:deviceName: iPhone 14, appium:driver: {xcuitest: {wdaLocalPort: 8100}}, appium:eventTimings: true, appium:extraArgs: [], appium:fastReset: true, appium:keepAliveTimeout: 600, appium:localTimezone: false, appium:locationServicesAuthorized: true, appium:logNoColors: false, appium:logTimestamp: false, appium:loglevel: debug, appium:longStacktrace: false, appium:name: Flutter Test, appium:newCommandTimeout: 180, appium:noPermsCheck: false, appium:noReset: false, appium:platformVersion: 16.0, appium:port: 4723, appium:relaxedSecurityEnabled: false, appium:sessionOverride: false, appium:skipUninstall: true, appium:strictCaps: false, appium:subcommand: server, appium:tmpDir: /var/folders/h2/7jxd5fsj79l..., appium:udid: CFB3C3A2-24DF-4C07-9591-B0D..., appium:useDrivers: [], appium:usePlugins: [], appium:waitForAppScript: $.delay(8000);$.acceptAlert(), appium:xcodeOrgId: Null, appium:xcodeSigningId: Null, platformName: IOS}\nSession ID: 12a46899-7a31-4aaf-953f-9f1f3eab8fdd\n\tat io.appium.java_client.remote.SupportsContextSwitching.context(SupportsContextSwitching.java:48)\n\tat com.codecraft.flutter.utils.Base.switchContext(Base.java:451)\n\tat com.codecraft.flutter.webView.WebViewNativePage.webSearch(WebViewNativePage.java:26)\n\tat com.codecraft.flutter.WebViewTest.WebViewTest.webEnabledTestcase(WebViewTest.java:19)\n\tat java.base/jdk.internal.reflect.NativeMethodAccessorImpl.invoke0(Native Method)\n\tat java.base/jdk.internal.reflect.NativeMethodAccessorImpl.invoke(NativeMethodAccessorImpl.java:62)\n\tat java.base/jdk.internal.reflect.DelegatingMethodAccessorImpl.invoke(DelegatingMethodAccessorImpl.java:43)\n\tat java.base/java.lang.reflect.Method.invoke(Method.java:566)\n\tat org.testng.internal.invokers.MethodInvocationHelper.invokeMethod(MethodInvocationHelper.java:139)\n\tat org.testng.internal.invokers.TestInvoker.invokeMethod(TestInvoker.java:677)\n\tat org.testng.internal.invokers.TestInvoker.invokeTestMethod(TestInvoker.java:221)\n\tat org.testng.internal.invokers.MethodRunner.runInSequence(MethodRunner.java:50)\n\tat org.testng.internal.invokers.TestInvoker$MethodInvocationAgent.invoke(TestInvoker.java:969)\n\tat org.testng.internal.invokers.TestInvoker.invokeTestMethods(TestInvoker.java:194)\n\tat org.testng.internal.invokers.TestMethodWorker.invokeTestMethods(TestMethodWorker.java:148)\n\tat org.testng.internal.invokers.TestMethodWorker.run(TestMethodWorker.java:128)\n\tat java.base/java.util.ArrayList.forEach(ArrayList.java:1541)\n\tat org.testng.TestRunner.privateRun(TestRunner.java:829)\n\tat org.testng.TestRunner.run(TestRunner.java:602)\n\tat org.testng.SuiteRunner.runTest(SuiteRunner.java:437)\n\tat org.testng.SuiteRunner.runSequentially(SuiteRunner.java:431)\n\tat org.testng.SuiteRunner.privateRun(SuiteRunner.java:391)\n\tat org.testng.SuiteRunner.run(SuiteRunner.java:330)\n\tat org.testng.SuiteRunnerWorker.runSuite(SuiteRunnerWorker.java:52)\n\tat org.testng.SuiteRunnerWorker.run(SuiteRunnerWorker.java:95)\n\tat org.testng.TestNG.runSuitesSequentially(TestNG.java:1256)\n\tat org.testng.TestNG.runSuitesLocally(TestNG.java:1176)\n\tat org.testng.TestNG.runSuites(TestNG.java:1099)\n\tat org.testng.TestNG.run(TestNG.java:1067)\n\tat com.intellij.rt.testng.IDEARemoteTestNG.run(IDEARemoteTestNG.java:66)\n\tat com.intellij.rt.testng.RemoteTestNGStarter.main(RemoteTestNGStarter.java:109)\nCaused by: org.openqa.selenium.WebDriverException: No such context found.\nBuild info: version: '4.9.0', revision: 'd7057100a6'\nSystem info: os.name: 'Mac OS X', os.arch: 'x86_64', os.version: '12.6', java.version: '11.0.16'\nDriver info: io.appium.java_client.ios.IOSDriver\nCommand: [12a46899-7a31-4aaf-953f-9f1f3eab8fdd, switchToContext {name=WEBVIEW}]\nCapabilities {appium:address: 0.0.0.0, appium:allowCors: false, appium:allowInsecure: [], appium:app: /Users/ostan/Documents/Auto..., appium:autoAcceptAlerts: true, appium:automationName: FLUTTER, appium:basePath: , appium:browserstack.appium_version: 2.0.0, appium:browserstack.debug: true, appium:browserstack.local: true, appium:browserstack.networkLogs: true, appium:buildName: Mercury_QA, appium:bundleID: com.example.gesture-automate, appium:callbackPort: 4723, appium:debugLogSpacing: false, appium:denyInsecure: [], appium:deviceName: iPhone 14, appium:driver: {xcuitest: {wdaLocalPort: 8100}}, appium:eventTimings: true, appium:extraArgs: [], appium:fastReset: true, appium:keepAliveTimeout: 600, appium:localTimezone: false, appium:locationServicesAuthorized: true, appium:logNoColors: false, appium:logTimestamp: false, appium:loglevel: debug, appium:longStacktrace: false, appium:name: Flutter Test, appium:newCommandTimeout: 180, appium:noPermsCheck: false, appium:noReset: false, appium:platformVersion: 16.0, appium:port: 4723, appium:relaxedSecurityEnabled: false, appium:sessionOverride: false, appium:skipUninstall: true, appium:strictCaps: false, appium:subcommand: server, appium:tmpDir: /var/folders/h2/7jxd5fsj79l..., appium:udid: CFB3C3A2-24DF-4C07-9591-B0D..., appium:useDrivers: [], appium:usePlugins: [], appium:waitForAppScript: $.delay(8000);$.acceptAlert(), appium:xcodeOrgId: Null, appium:xcodeSigningId: Null, platformName: IOS}\nSession ID: 12a46899-7a31-4aaf-953f-9f1f3eab8fdd\n\tat java.base/jdk.internal.reflect.NativeConstructorAccessorImpl.newInstance0(Native Method)\n\tat java.base/jdk.internal.reflect.NativeConstructorAccessorImpl.newInstance(NativeConstructorAccessorImpl.java:62)\n\tat java.base/jdk.internal.reflect.DelegatingConstructorAccessorImpl.newInstance(DelegatingConstructorAccessorImpl.java:45)\n\tat java.base/java.lang.reflect.Constructor.newInstance(Constructor.java:490)\n\tat org.openqa.selenium.remote.codec.w3c.W3CHttpResponseCodec.createException(W3CHttpResponseCodec.java:200)\n\tat org.openqa.selenium.remote.codec.w3c.W3CHttpResponseCodec.decode(W3CHttpResponseCodec.java:133)\n\tat org.openqa.selenium.remote.codec.w3c.W3CHttpResponseCodec.decode(W3CHttpResponseCodec.java:53)\n\tat org.openqa.selenium.remote.HttpCommandExecutor.execute(HttpCommandExecutor.java:193)\n\tat io.appium.java_client.remote.AppiumCommandExecutor.execute(AppiumCommandExecutor.java:262)\n\tat org.openqa.selenium.remote.RemoteWebDriver.execute(RemoteWebDriver.java:543)\n\tat org.openqa.selenium.remote.RemoteWebDriver.execute(RemoteWebDriver.java:598)\n\tat io.appium.java_client.AppiumDriver.execute(AppiumDriver.java:267)\n\tat io.appium.java_client.remote.SupportsContextSwitching.context(SupportsContextSwitching.java:45)\n\t... 30 more\n"},"stage":"finished","steps":[],"attachments":[],"parameters":[],"start":1683444574550,"stop":1683444574739}],"attachments":[{"name":"Failure in method {0}","source":"da8b25f0-e3f5-4274-9c13-385611525ac6-attachment","type":"image/png"},{"name":"webEnabledTestcase failed and screenshot taken!","source":"0c641d86-a244-4b45-aa2a-592acd2c0a6c-attachment","type":"text/plain"}],"parameters":[{"name":"environment","value":"IphoneLocal"}],"start":1683444565392,"stop":1683444575276,"uuid":"0dae8e2e-07ba-4ed9-8b54-96238558ab7c","historyId":"ad01c9bd6c0a95d80ab8a12cac0e9c5a","fullName":"com.codecraft.flutter.WebViewTest.WebViewTest.webEnabledTestcase","labels":[{"name":"package","value":"com.codecraft.flutter.WebViewTest.WebViewTest"},{"name":"testClass","value":"com.codecraft.flutter.WebViewTest.WebViewTest"},{"name":"testMethod","value":"webEnabledTestcase"},{"name":"parentSuite","value":"Flutter Mobile Automation "},{"name":"suite","value":"FLUTTER-12: Regression"},{"name":"subSuite","value":"com.codecraft.flutter.WebViewTest.WebViewTest"},{"name":"host","value":"Ostans-MacBook-Pro-3.local"},{"name":"thread","value":"88135@Ostans-MacBook-Pro-3.local.main(1)"},{"name":"framework","value":"testng"},{"name":"language","value":"java"}],"links":[]}