{"name":"timerTestcase","status":"broken","statusDetails":{"known":false,"muted":false,"flaky":false,"message":"An unknown server-side error occurred while processing the command. Original error: Cannot execute command scroll, server reponse {\n  \"isError\": true,\n  \"response\": \"Uncaught extension error while executing scroll: 'package:flutter/src/gestures/binding.dart': Failed assertion: line 363 pos 14: '!_hitTests.containsKey(event.pointer)': is not true.\\n#0      _AssertionError._doThrowNew (dart:core-patch/errors_patch.dart:51:61)\\n#1      _AssertionError._throwNew (dart:core-patch/errors_patch.dart:40:5)\\n#2      GestureBinding._handlePointerEventImmediately (package:flutter/src/gestures/binding.dart:363:14)\\n#3      GestureBinding.handlePointerEvent (package:flutter/src/gestures/binding.dart:357:5)\\n#4      CommandHandlerFactory._scroll (package:flutter_driver/src/common/handler_factory.dart:375:20)\\n<asynchronous suspension>\\n#5      FlutterDriverExtension.call (package:flutter_driver/src/extension/extension.dart:372:31)\\n<asynchronous suspension>\\n#6      BindingBase.registerServiceExtension.<anonymous closure> (package:flutter/src/foundation/binding.dart:855:18)\\n<asynchronous suspension>\\n\",\n  \"type\": \"_extensionType\",\n  \"method\": \"ext.flutter.driver\"\n}\nBuild info: version: '4.9.0', revision: 'd7057100a6'\nSystem info: os.name: 'Mac OS X', os.arch: 'x86_64', os.version: '12.6', java.version: '11.0.16'\nDriver info: io.appium.java_client.android.AndroidDriver$ByteBuddy$irbBjGCF\nCommand: [75317c35-8db8-4195-8b80-8e8b8c7d721c, executeScript {script=flutter: scroll, args=[eyJmaW5kZXJUeXBlIjoiQnlTZW1hbnRpY3NMYWJlbCIsImlzUmVnRXhwIjpmYWxzZSwibGFiZWwiOiJsaXN0RWxlbWVudHMifQ, {durationMilliseconds=10, dx=0, dy=-575.8512396694214, frequency=1000}]}]\nCapabilities {appium:address: 0.0.0.0, appium:allowCors: false, appium:allowInsecure: [], appium:app: /Users/ostan/Documents/Auto..., appium:appActivity: com.example.gesture_automat..., appium:appPackage: com.example.gesture_automate, appium:autoGrantPermissions: true, appium:automationName: FLUTTER, appium:basePath: , appium:browserstack.appium_version: 2.0.0, appium:browserstack.debug: true, appium:browserstack.local: true, appium:browserstack.networkLogs: true, appium:buildName: Mercury_QA, appium:callbackPort: 4723, appium:debugLogSpacing: false, appium:denyInsecure: [], appium:deviceName: emulator-5554, appium:driver: {xcuitest: {wdaLocalPort: 8100}}, appium:eventTimings: true, appium:extraArgs: [], appium:fastReset: true, appium:keepAliveTimeout: 600, appium:localTimezone: false, appium:logNoColors: false, appium:logTimestamp: false, appium:loglevel: debug, appium:longStacktrace: false, appium:name: Flutter Test, appium:newCommandTimeout: 180, appium:noPermsCheck: false, appium:noReset: false, appium:platformVersion: 13.0, appium:port: 4723, appium:relaxedSecurityEnabled: false, appium:sessionOverride: false, appium:skipUninstall: true, appium:strictCaps: false, appium:subcommand: server, appium:tmpDir: /var/folders/h2/7jxd5fsj79l..., appium:udid: , appium:useDrivers: [], appium:usePlugins: [], platformName: ANDROID}\nSession ID: 75317c35-8db8-4195-8b80-8e8b8c7d721c","trace":"org.openqa.selenium.WebDriverException: An unknown server-side error occurred while processing the command. Original error: Cannot execute command scroll, server reponse {\n  \"isError\": true,\n  \"response\": \"Uncaught extension error while executing scroll: 'package:flutter/src/gestures/binding.dart': Failed assertion: line 363 pos 14: '!_hitTests.containsKey(event.pointer)': is not true.\\n#0      _AssertionError._doThrowNew (dart:core-patch/errors_patch.dart:51:61)\\n#1      _AssertionError._throwNew (dart:core-patch/errors_patch.dart:40:5)\\n#2      GestureBinding._handlePointerEventImmediately (package:flutter/src/gestures/binding.dart:363:14)\\n#3      GestureBinding.handlePointerEvent (package:flutter/src/gestures/binding.dart:357:5)\\n#4      CommandHandlerFactory._scroll (package:flutter_driver/src/common/handler_factory.dart:375:20)\\n<asynchronous suspension>\\n#5      FlutterDriverExtension.call (package:flutter_driver/src/extension/extension.dart:372:31)\\n<asynchronous suspension>\\n#6      BindingBase.registerServiceExtension.<anonymous closure> (package:flutter/src/foundation/binding.dart:855:18)\\n<asynchronous suspension>\\n\",\n  \"type\": \"_extensionType\",\n  \"method\": \"ext.flutter.driver\"\n}\nBuild info: version: '4.9.0', revision: 'd7057100a6'\nSystem info: os.name: 'Mac OS X', os.arch: 'x86_64', os.version: '12.6', java.version: '11.0.16'\nDriver info: io.appium.java_client.android.AndroidDriver$ByteBuddy$irbBjGCF\nCommand: [75317c35-8db8-4195-8b80-8e8b8c7d721c, executeScript {script=flutter: scroll, args=[eyJmaW5kZXJUeXBlIjoiQnlTZW1hbnRpY3NMYWJlbCIsImlzUmVnRXhwIjpmYWxzZSwibGFiZWwiOiJsaXN0RWxlbWVudHMifQ, {durationMilliseconds=10, dx=0, dy=-575.8512396694214, frequency=1000}]}]\nCapabilities {appium:address: 0.0.0.0, appium:allowCors: false, appium:allowInsecure: [], appium:app: /Users/ostan/Documents/Auto..., appium:appActivity: com.example.gesture_automat..., appium:appPackage: com.example.gesture_automate, appium:autoGrantPermissions: true, appium:automationName: FLUTTER, appium:basePath: , appium:browserstack.appium_version: 2.0.0, appium:browserstack.debug: true, appium:browserstack.local: true, appium:browserstack.networkLogs: true, appium:buildName: Mercury_QA, appium:callbackPort: 4723, appium:debugLogSpacing: false, appium:denyInsecure: [], appium:deviceName: emulator-5554, appium:driver: {xcuitest: {wdaLocalPort: 8100}}, appium:eventTimings: true, appium:extraArgs: [], appium:fastReset: true, appium:keepAliveTimeout: 600, appium:localTimezone: false, appium:logNoColors: false, appium:logTimestamp: false, appium:loglevel: debug, appium:longStacktrace: false, appium:name: Flutter Test, appium:newCommandTimeout: 180, appium:noPermsCheck: false, appium:noReset: false, appium:platformVersion: 13.0, appium:port: 4723, appium:relaxedSecurityEnabled: false, appium:sessionOverride: false, appium:skipUninstall: true, appium:strictCaps: false, appium:subcommand: server, appium:tmpDir: /var/folders/h2/7jxd5fsj79l..., appium:udid: , appium:useDrivers: [], appium:usePlugins: [], platformName: ANDROID}\nSession ID: 75317c35-8db8-4195-8b80-8e8b8c7d721c\n\tat java.base/jdk.internal.reflect.NativeConstructorAccessorImpl.newInstance0(Native Method)\n\tat java.base/jdk.internal.reflect.NativeConstructorAccessorImpl.newInstance(NativeConstructorAccessorImpl.java:62)\n\tat java.base/jdk.internal.reflect.DelegatingConstructorAccessorImpl.newInstance(DelegatingConstructorAccessorImpl.java:45)\n\tat java.base/java.lang.reflect.Constructor.newInstance(Constructor.java:490)\n\tat org.openqa.selenium.remote.codec.w3c.W3CHttpResponseCodec.createException(W3CHttpResponseCodec.java:200)\n\tat org.openqa.selenium.remote.codec.w3c.W3CHttpResponseCodec.decode(W3CHttpResponseCodec.java:133)\n\tat org.openqa.selenium.remote.codec.w3c.W3CHttpResponseCodec.decode(W3CHttpResponseCodec.java:53)\n\tat org.openqa.selenium.remote.HttpCommandExecutor.execute(HttpCommandExecutor.java:193)\n\tat io.appium.java_client.remote.AppiumCommandExecutor.execute(AppiumCommandExecutor.java:262)\n\tat org.openqa.selenium.remote.RemoteWebDriver.execute(RemoteWebDriver.java:543)\n\tat org.openqa.selenium.remote.RemoteWebDriver.executeScript(RemoteWebDriver.java:480)\n\tat io.appium.java_client.android.AndroidDriver$ByteBuddy$irbBjGCF.executeScript$accessor$PAMLsGlf(Unknown Source)\n\tat io.appium.java_client.android.AndroidDriver$ByteBuddy$irbBjGCF$auxiliary$mf8tvSDu.call(Unknown Source)\n\tat io.appium.java_client.proxy.Interceptor.intercept(Interceptor.java:101)\n\tat io.appium.java_client.android.AndroidDriver$ByteBuddy$irbBjGCF.executeScript(Unknown Source)\n\tat com.codecraft.flutter.utils.FlutterBase.scroll(FlutterBase.java:154)\n\tat com.codecraft.flutter.utils.FlutterBase.scrollToElement(FlutterBase.java:118)\n\tat com.codecraft.flutter.landing.LandingPage.gotoTimer(LandingPage.java:68)\n\tat com.codecraft.flutter.TimerTest.TimerTest.timerTestcase(TimerTest.java:16)\n\tat java.base/jdk.internal.reflect.NativeMethodAccessorImpl.invoke0(Native Method)\n\tat java.base/jdk.internal.reflect.NativeMethodAccessorImpl.invoke(NativeMethodAccessorImpl.java:62)\n\tat java.base/jdk.internal.reflect.DelegatingMethodAccessorImpl.invoke(DelegatingMethodAccessorImpl.java:43)\n\tat java.base/java.lang.reflect.Method.invoke(Method.java:566)\n\tat org.testng.internal.invokers.MethodInvocationHelper.invokeMethod(MethodInvocationHelper.java:139)\n\tat org.testng.internal.invokers.TestInvoker.invokeMethod(TestInvoker.java:677)\n\tat org.testng.internal.invokers.TestInvoker.invokeTestMethod(TestInvoker.java:221)\n\tat org.testng.internal.invokers.MethodRunner.runInSequence(MethodRunner.java:50)\n\tat org.testng.internal.invokers.TestInvoker$MethodInvocationAgent.invoke(TestInvoker.java:969)\n\tat org.testng.internal.invokers.TestInvoker.invokeTestMethods(TestInvoker.java:194)\n\tat org.testng.internal.invokers.TestMethodWorker.invokeTestMethods(TestMethodWorker.java:148)\n\tat org.testng.internal.invokers.TestMethodWorker.run(TestMethodWorker.java:128)\n\tat java.base/java.util.ArrayList.forEach(ArrayList.java:1541)\n\tat org.testng.TestRunner.privateRun(TestRunner.java:829)\n\tat org.testng.TestRunner.run(TestRunner.java:602)\n\tat org.testng.SuiteRunner.runTest(SuiteRunner.java:437)\n\tat org.testng.SuiteRunner.runSequentially(SuiteRunner.java:431)\n\tat org.testng.SuiteRunner.privateRun(SuiteRunner.java:391)\n\tat org.testng.SuiteRunner.run(SuiteRunner.java:330)\n\tat org.testng.SuiteRunnerWorker.runSuite(SuiteRunnerWorker.java:52)\n\tat org.testng.SuiteRunnerWorker.run(SuiteRunnerWorker.java:95)\n\tat org.testng.TestNG.runSuitesSequentially(TestNG.java:1256)\n\tat org.testng.TestNG.runSuitesLocally(TestNG.java:1176)\n\tat org.testng.TestNG.runSuites(TestNG.java:1099)\n\tat org.testng.TestNG.run(TestNG.java:1067)\n\tat com.intellij.rt.testng.IDEARemoteTestNG.run(IDEARemoteTestNG.java:66)\n\tat com.intellij.rt.testng.RemoteTestNGStarter.main(RemoteTestNGStarter.java:109)\n"},"stage":"finished","steps":[],"attachments":[{"name":"Failure in method {0}","source":"ee80928f-9f42-453e-98b1-29094b847222-attachment","type":"image/png"},{"name":"timerTestcase failed and screenshot taken!","source":"ffd4adf8-0971-459c-a461-93f36446cb1e-attachment","type":"text/plain"}],"parameters":[{"name":"environment","value":"SamsungLocal"}],"start":1683475868600,"stop":1683475911696,"uuid":"164312e6-8208-4f1b-ac36-9f7628a014bf","historyId":"fc722c59fc46fa94f8d47a4aebb7fb11","fullName":"com.codecraft.flutter.TimerTest.TimerTest.timerTestcase","labels":[{"name":"package","value":"com.codecraft.flutter.TimerTest.TimerTest"},{"name":"testClass","value":"com.codecraft.flutter.TimerTest.TimerTest"},{"name":"testMethod","value":"timerTestcase"},{"name":"parentSuite","value":"Flutter Mobile Automation "},{"name":"suite","value":"FLUTTER-10: Regression"},{"name":"subSuite","value":"com.codecraft.flutter.TimerTest.TimerTest"},{"name":"host","value":"Ostans-MacBook-Pro-3.local"},{"name":"thread","value":"73461@Ostans-MacBook-Pro-3.local.main(1)"},{"name":"framework","value":"testng"},{"name":"language","value":"java"}],"links":[]}