{"name":"timerTestcase","status":"broken","statusDetails":{"known":false,"muted":false,"flaky":false,"message":"Cached elements 'By.accessibilityId: clock' do not exist in DOM anymore\nFor documentation on this error, please visit: https://selenium.dev/exceptions/#stale_element_reference\nBuild info: version: '4.9.0', revision: 'd7057100a6'\nSystem info: os.name: 'Mac OS X', os.arch: 'x86_64', os.version: '12.6', java.version: '11.0.16'\nDriver info: io.appium.java_client.android.AndroidDriver$ByteBuddy$se8bcHV0\nCommand: [3821ceeb-1f3c-49d1-8e74-aa8cc9b999e3, isElementDisplayed {id=00000000-0000-068f-0000-003200000004}]\nCapabilities {appium:address: 0.0.0.0, appium:allowCors: false, appium:allowInsecure: [], appium:app: /Users/ostan/Documents/Auto..., appium:appActivity: com.example.gesture_automat..., appium:appPackage: com.example.gesture_automate, appium:autoGrantPermissions: true, appium:automationName: FLUTTER, appium:basePath: , appium:browserstack.appium_version: 2.0.0, appium:browserstack.debug: true, appium:browserstack.local: true, appium:browserstack.networkLogs: true, appium:buildName: Mercury_QA, appium:callbackPort: 4723, appium:debugLogSpacing: false, appium:denyInsecure: [], appium:deviceName: emulator-5554, appium:driver: {xcuitest: {wdaLocalPort: 8100}}, appium:eventTimings: true, appium:extraArgs: [], appium:fastReset: true, appium:keepAliveTimeout: 600, appium:localTimezone: false, appium:logNoColors: false, appium:logTimestamp: false, appium:loglevel: debug, appium:longStacktrace: false, appium:name: Flutter Test, appium:newCommandTimeout: 180, appium:noPermsCheck: false, appium:noReset: false, appium:platformVersion: 13.0, appium:port: 4723, appium:relaxedSecurityEnabled: false, appium:sessionOverride: false, appium:skipUninstall: true, appium:strictCaps: false, appium:subcommand: server, appium:tmpDir: /var/folders/h2/7jxd5fsj79l..., appium:udid: , appium:useDrivers: [], appium:usePlugins: [], platformName: ANDROID}\nElement: [[AndroidDriver$ByteBuddy$se8bcHV0:  on ANDROID (3821ceeb-1f3c-49d1-8e74-aa8cc9b999e3)] -> accessibility id: clock]\nSession ID: 3821ceeb-1f3c-49d1-8e74-aa8cc9b999e3","trace":"org.openqa.selenium.StaleElementReferenceException: Cached elements 'By.accessibilityId: clock' do not exist in DOM anymore\nFor documentation on this error, please visit: https://selenium.dev/exceptions/#stale_element_reference\nBuild info: version: '4.9.0', revision: 'd7057100a6'\nSystem info: os.name: 'Mac OS X', os.arch: 'x86_64', os.version: '12.6', java.version: '11.0.16'\nDriver info: io.appium.java_client.android.AndroidDriver$ByteBuddy$se8bcHV0\nCommand: [3821ceeb-1f3c-49d1-8e74-aa8cc9b999e3, isElementDisplayed {id=00000000-0000-068f-0000-003200000004}]\nCapabilities {appium:address: 0.0.0.0, appium:allowCors: false, appium:allowInsecure: [], appium:app: /Users/ostan/Documents/Auto..., appium:appActivity: com.example.gesture_automat..., appium:appPackage: com.example.gesture_automate, appium:autoGrantPermissions: true, appium:automationName: FLUTTER, appium:basePath: , appium:browserstack.appium_version: 2.0.0, appium:browserstack.debug: true, appium:browserstack.local: true, appium:browserstack.networkLogs: true, appium:buildName: Mercury_QA, appium:callbackPort: 4723, appium:debugLogSpacing: false, appium:denyInsecure: [], appium:deviceName: emulator-5554, appium:driver: {xcuitest: {wdaLocalPort: 8100}}, appium:eventTimings: true, appium:extraArgs: [], appium:fastReset: true, appium:keepAliveTimeout: 600, appium:localTimezone: false, appium:logNoColors: false, appium:logTimestamp: false, appium:loglevel: debug, appium:longStacktrace: false, appium:name: Flutter Test, appium:newCommandTimeout: 180, appium:noPermsCheck: false, appium:noReset: false, appium:platformVersion: 13.0, appium:port: 4723, appium:relaxedSecurityEnabled: false, appium:sessionOverride: false, appium:skipUninstall: true, appium:strictCaps: false, appium:subcommand: server, appium:tmpDir: /var/folders/h2/7jxd5fsj79l..., appium:udid: , appium:useDrivers: [], appium:usePlugins: [], platformName: ANDROID}\nElement: [[AndroidDriver$ByteBuddy$se8bcHV0:  on ANDROID (3821ceeb-1f3c-49d1-8e74-aa8cc9b999e3)] -> accessibility id: clock]\nSession ID: 3821ceeb-1f3c-49d1-8e74-aa8cc9b999e3\n\tat java.base/jdk.internal.reflect.NativeConstructorAccessorImpl.newInstance0(Native Method)\n\tat java.base/jdk.internal.reflect.NativeConstructorAccessorImpl.newInstance(NativeConstructorAccessorImpl.java:62)\n\tat java.base/jdk.internal.reflect.DelegatingConstructorAccessorImpl.newInstance(DelegatingConstructorAccessorImpl.java:45)\n\tat java.base/java.lang.reflect.Constructor.newInstance(Constructor.java:490)\n\tat org.openqa.selenium.remote.codec.w3c.W3CHttpResponseCodec.createException(W3CHttpResponseCodec.java:200)\n\tat org.openqa.selenium.remote.codec.w3c.W3CHttpResponseCodec.decode(W3CHttpResponseCodec.java:133)\n\tat org.openqa.selenium.remote.codec.w3c.W3CHttpResponseCodec.decode(W3CHttpResponseCodec.java:53)\n\tat org.openqa.selenium.remote.HttpCommandExecutor.execute(HttpCommandExecutor.java:193)\n\tat io.appium.java_client.remote.AppiumCommandExecutor.execute(AppiumCommandExecutor.java:262)\n\tat org.openqa.selenium.remote.RemoteWebDriver.execute(RemoteWebDriver.java:543)\n\tat org.openqa.selenium.remote.RemoteWebElement.execute(RemoteWebElement.java:257)\n\tat org.openqa.selenium.remote.RemoteWebElement.isDisplayed(RemoteWebElement.java:313)\n\tat java.base/jdk.internal.reflect.NativeMethodAccessorImpl.invoke0(Native Method)\n\tat java.base/jdk.internal.reflect.NativeMethodAccessorImpl.invoke(NativeMethodAccessorImpl.java:62)\n\tat java.base/jdk.internal.reflect.DelegatingMethodAccessorImpl.invoke(DelegatingMethodAccessorImpl.java:43)\n\tat java.base/java.lang.reflect.Method.invoke(Method.java:566)\n\tat io.appium.java_client.pagefactory.ElementInterceptor.getObject(ElementInterceptor.java:40)\n\tat io.appium.java_client.pagefactory.interceptors.InterceptorOfASingleElement.intercept(InterceptorOfASingleElement.java:60)\n\tat org.openqa.selenium.remote.RemoteWebElement$$EnhancerByCGLIB$$d27c0df4.isDisplayed(<generated>)\n\tat com.codecraft.flutter.timer.TimerNativePage.verifyClockOpened(TimerNativePage.java:25)\n\tat com.codecraft.flutter.timer.TimerPage.openClock(TimerPage.java:25)\n\tat com.codecraft.flutter.TimerTest.TimerTest.timerTestcase(TimerTest.java:18)\n\tat java.base/jdk.internal.reflect.NativeMethodAccessorImpl.invoke0(Native Method)\n\tat java.base/jdk.internal.reflect.NativeMethodAccessorImpl.invoke(NativeMethodAccessorImpl.java:62)\n\tat java.base/jdk.internal.reflect.DelegatingMethodAccessorImpl.invoke(DelegatingMethodAccessorImpl.java:43)\n\tat java.base/java.lang.reflect.Method.invoke(Method.java:566)\n\tat org.testng.internal.invokers.MethodInvocationHelper.invokeMethod(MethodInvocationHelper.java:139)\n\tat org.testng.internal.invokers.TestInvoker.invokeMethod(TestInvoker.java:677)\n\tat org.testng.internal.invokers.TestInvoker.invokeTestMethod(TestInvoker.java:221)\n\tat org.testng.internal.invokers.MethodRunner.runInSequence(MethodRunner.java:50)\n\tat org.testng.internal.invokers.TestInvoker$MethodInvocationAgent.invoke(TestInvoker.java:969)\n\tat org.testng.internal.invokers.TestInvoker.invokeTestMethods(TestInvoker.java:194)\n\tat org.testng.internal.invokers.TestMethodWorker.invokeTestMethods(TestMethodWorker.java:148)\n\tat org.testng.internal.invokers.TestMethodWorker.run(TestMethodWorker.java:128)\n\tat java.base/java.util.ArrayList.forEach(ArrayList.java:1541)\n\tat org.testng.TestRunner.privateRun(TestRunner.java:829)\n\tat org.testng.TestRunner.run(TestRunner.java:602)\n\tat org.testng.SuiteRunner.runTest(SuiteRunner.java:437)\n\tat org.testng.SuiteRunner.runSequentially(SuiteRunner.java:431)\n\tat org.testng.SuiteRunner.privateRun(SuiteRunner.java:391)\n\tat org.testng.SuiteRunner.run(SuiteRunner.java:330)\n\tat org.testng.SuiteRunnerWorker.runSuite(SuiteRunnerWorker.java:52)\n\tat org.testng.SuiteRunnerWorker.run(SuiteRunnerWorker.java:95)\n\tat org.testng.TestNG.runSuitesSequentially(TestNG.java:1256)\n\tat org.testng.TestNG.runSuitesLocally(TestNG.java:1176)\n\tat org.testng.TestNG.runSuites(TestNG.java:1099)\n\tat org.testng.TestNG.run(TestNG.java:1067)\n\tat com.intellij.rt.testng.IDEARemoteTestNG.run(IDEARemoteTestNG.java:66)\n\tat com.intellij.rt.testng.RemoteTestNGStarter.main(RemoteTestNGStarter.java:109)\n"},"stage":"finished","steps":[{"name":"Verification of clock elements...verifyClockOpened","status":"broken","statusDetails":{"known":false,"muted":false,"flaky":false,"message":"Cached elements 'By.accessibilityId: clock' do not exist in DOM anymore\nFor documentation on this error, please visit: https://selenium.dev/exceptions/#stale_element_reference\nBuild info: version: '4.9.0', revision: 'd7057100a6'\nSystem info: os.name: 'Mac OS X', os.arch: 'x86_64', os.version: '12.6', java.version: '11.0.16'\nDriver info: io.appium.java_client.android.AndroidDriver$ByteBuddy$se8bcHV0\nCommand: [3821ceeb-1f3c-49d1-8e74-aa8cc9b999e3, isElementDisplayed {id=00000000-0000-068f-0000-003200000004}]\nCapabilities {appium:address: 0.0.0.0, appium:allowCors: false, appium:allowInsecure: [], appium:app: /Users/ostan/Documents/Auto..., appium:appActivity: com.example.gesture_automat..., appium:appPackage: com.example.gesture_automate, appium:autoGrantPermissions: true, appium:automationName: FLUTTER, appium:basePath: , appium:browserstack.appium_version: 2.0.0, appium:browserstack.debug: true, appium:browserstack.local: true, appium:browserstack.networkLogs: true, appium:buildName: Mercury_QA, appium:callbackPort: 4723, appium:debugLogSpacing: false, appium:denyInsecure: [], appium:deviceName: emulator-5554, appium:driver: {xcuitest: {wdaLocalPort: 8100}}, appium:eventTimings: true, appium:extraArgs: [], appium:fastReset: true, appium:keepAliveTimeout: 600, appium:localTimezone: false, appium:logNoColors: false, appium:logTimestamp: false, appium:loglevel: debug, appium:longStacktrace: false, appium:name: Flutter Test, appium:newCommandTimeout: 180, appium:noPermsCheck: false, appium:noReset: false, appium:platformVersion: 13.0, appium:port: 4723, appium:relaxedSecurityEnabled: false, appium:sessionOverride: false, appium:skipUninstall: true, appium:strictCaps: false, appium:subcommand: server, appium:tmpDir: /var/folders/h2/7jxd5fsj79l..., appium:udid: , appium:useDrivers: [], appium:usePlugins: [], platformName: ANDROID}\nElement: [[AndroidDriver$ByteBuddy$se8bcHV0:  on ANDROID (3821ceeb-1f3c-49d1-8e74-aa8cc9b999e3)] -> accessibility id: clock]\nSession ID: 3821ceeb-1f3c-49d1-8e74-aa8cc9b999e3","trace":"org.openqa.selenium.StaleElementReferenceException: Cached elements 'By.accessibilityId: clock' do not exist in DOM anymore\nFor documentation on this error, please visit: https://selenium.dev/exceptions/#stale_element_reference\nBuild info: version: '4.9.0', revision: 'd7057100a6'\nSystem info: os.name: 'Mac OS X', os.arch: 'x86_64', os.version: '12.6', java.version: '11.0.16'\nDriver info: io.appium.java_client.android.AndroidDriver$ByteBuddy$se8bcHV0\nCommand: [3821ceeb-1f3c-49d1-8e74-aa8cc9b999e3, isElementDisplayed {id=00000000-0000-068f-0000-003200000004}]\nCapabilities {appium:address: 0.0.0.0, appium:allowCors: false, appium:allowInsecure: [], appium:app: /Users/ostan/Documents/Auto..., appium:appActivity: com.example.gesture_automat..., appium:appPackage: com.example.gesture_automate, appium:autoGrantPermissions: true, appium:automationName: FLUTTER, appium:basePath: , appium:browserstack.appium_version: 2.0.0, appium:browserstack.debug: true, appium:browserstack.local: true, appium:browserstack.networkLogs: true, appium:buildName: Mercury_QA, appium:callbackPort: 4723, appium:debugLogSpacing: false, appium:denyInsecure: [], appium:deviceName: emulator-5554, appium:driver: {xcuitest: {wdaLocalPort: 8100}}, appium:eventTimings: true, appium:extraArgs: [], appium:fastReset: true, appium:keepAliveTimeout: 600, appium:localTimezone: false, appium:logNoColors: false, appium:logTimestamp: false, appium:loglevel: debug, appium:longStacktrace: false, appium:name: Flutter Test, appium:newCommandTimeout: 180, appium:noPermsCheck: false, appium:noReset: false, appium:platformVersion: 13.0, appium:port: 4723, appium:relaxedSecurityEnabled: false, appium:sessionOverride: false, appium:skipUninstall: true, appium:strictCaps: false, appium:subcommand: server, appium:tmpDir: /var/folders/h2/7jxd5fsj79l..., appium:udid: , appium:useDrivers: [], appium:usePlugins: [], platformName: ANDROID}\nElement: [[AndroidDriver$ByteBuddy$se8bcHV0:  on ANDROID (3821ceeb-1f3c-49d1-8e74-aa8cc9b999e3)] -> accessibility id: clock]\nSession ID: 3821ceeb-1f3c-49d1-8e74-aa8cc9b999e3\n\tat java.base/jdk.internal.reflect.NativeConstructorAccessorImpl.newInstance0(Native Method)\n\tat java.base/jdk.internal.reflect.NativeConstructorAccessorImpl.newInstance(NativeConstructorAccessorImpl.java:62)\n\tat java.base/jdk.internal.reflect.DelegatingConstructorAccessorImpl.newInstance(DelegatingConstructorAccessorImpl.java:45)\n\tat java.base/java.lang.reflect.Constructor.newInstance(Constructor.java:490)\n\tat org.openqa.selenium.remote.codec.w3c.W3CHttpResponseCodec.createException(W3CHttpResponseCodec.java:200)\n\tat org.openqa.selenium.remote.codec.w3c.W3CHttpResponseCodec.decode(W3CHttpResponseCodec.java:133)\n\tat org.openqa.selenium.remote.codec.w3c.W3CHttpResponseCodec.decode(W3CHttpResponseCodec.java:53)\n\tat org.openqa.selenium.remote.HttpCommandExecutor.execute(HttpCommandExecutor.java:193)\n\tat io.appium.java_client.remote.AppiumCommandExecutor.execute(AppiumCommandExecutor.java:262)\n\tat org.openqa.selenium.remote.RemoteWebDriver.execute(RemoteWebDriver.java:543)\n\tat org.openqa.selenium.remote.RemoteWebElement.execute(RemoteWebElement.java:257)\n\tat org.openqa.selenium.remote.RemoteWebElement.isDisplayed(RemoteWebElement.java:313)\n\tat java.base/jdk.internal.reflect.NativeMethodAccessorImpl.invoke0(Native Method)\n\tat java.base/jdk.internal.reflect.NativeMethodAccessorImpl.invoke(NativeMethodAccessorImpl.java:62)\n\tat java.base/jdk.internal.reflect.DelegatingMethodAccessorImpl.invoke(DelegatingMethodAccessorImpl.java:43)\n\tat java.base/java.lang.reflect.Method.invoke(Method.java:566)\n\tat io.appium.java_client.pagefactory.ElementInterceptor.getObject(ElementInterceptor.java:40)\n\tat io.appium.java_client.pagefactory.interceptors.InterceptorOfASingleElement.intercept(InterceptorOfASingleElement.java:60)\n\tat org.openqa.selenium.remote.RemoteWebElement$$EnhancerByCGLIB$$d27c0df4.isDisplayed(<generated>)\n\tat com.codecraft.flutter.timer.TimerNativePage.verifyClockOpened(TimerNativePage.java:25)\n\tat com.codecraft.flutter.timer.TimerPage.openClock(TimerPage.java:25)\n\tat com.codecraft.flutter.TimerTest.TimerTest.timerTestcase(TimerTest.java:18)\n\tat java.base/jdk.internal.reflect.NativeMethodAccessorImpl.invoke0(Native Method)\n\tat java.base/jdk.internal.reflect.NativeMethodAccessorImpl.invoke(NativeMethodAccessorImpl.java:62)\n\tat java.base/jdk.internal.reflect.DelegatingMethodAccessorImpl.invoke(DelegatingMethodAccessorImpl.java:43)\n\tat java.base/java.lang.reflect.Method.invoke(Method.java:566)\n\tat org.testng.internal.invokers.MethodInvocationHelper.invokeMethod(MethodInvocationHelper.java:139)\n\tat org.testng.internal.invokers.TestInvoker.invokeMethod(TestInvoker.java:677)\n\tat org.testng.internal.invokers.TestInvoker.invokeTestMethod(TestInvoker.java:221)\n\tat org.testng.internal.invokers.MethodRunner.runInSequence(MethodRunner.java:50)\n\tat org.testng.internal.invokers.TestInvoker$MethodInvocationAgent.invoke(TestInvoker.java:969)\n\tat org.testng.internal.invokers.TestInvoker.invokeTestMethods(TestInvoker.java:194)\n\tat org.testng.internal.invokers.TestMethodWorker.invokeTestMethods(TestMethodWorker.java:148)\n\tat org.testng.internal.invokers.TestMethodWorker.run(TestMethodWorker.java:128)\n\tat java.base/java.util.ArrayList.forEach(ArrayList.java:1541)\n\tat org.testng.TestRunner.privateRun(TestRunner.java:829)\n\tat org.testng.TestRunner.run(TestRunner.java:602)\n\tat org.testng.SuiteRunner.runTest(SuiteRunner.java:437)\n\tat org.testng.SuiteRunner.runSequentially(SuiteRunner.java:431)\n\tat org.testng.SuiteRunner.privateRun(SuiteRunner.java:391)\n\tat org.testng.SuiteRunner.run(SuiteRunner.java:330)\n\tat org.testng.SuiteRunnerWorker.runSuite(SuiteRunnerWorker.java:52)\n\tat org.testng.SuiteRunnerWorker.run(SuiteRunnerWorker.java:95)\n\tat org.testng.TestNG.runSuitesSequentially(TestNG.java:1256)\n\tat org.testng.TestNG.runSuitesLocally(TestNG.java:1176)\n\tat org.testng.TestNG.runSuites(TestNG.java:1099)\n\tat org.testng.TestNG.run(TestNG.java:1067)\n\tat com.intellij.rt.testng.IDEARemoteTestNG.run(IDEARemoteTestNG.java:66)\n\tat com.intellij.rt.testng.RemoteTestNGStarter.main(RemoteTestNGStarter.java:109)\n"},"stage":"finished","steps":[],"attachments":[],"parameters":[],"start":1683472202328,"stop":1683472204050}],"attachments":[{"name":"Failure in method {0}","source":"dc8567d1-0f95-4ad2-a609-46c9e129ff9b-attachment","type":"image/png"},{"name":"timerTestcase failed and screenshot taken!","source":"4d564816-57f8-49c7-b054-bb77187a3ad9-attachment","type":"text/plain"}],"parameters":[{"name":"environment","value":"SamsungLocal"}],"start":1683472151300,"stop":1683472206059,"uuid":"5052de99-5ce2-4373-b448-b97f02d98deb","historyId":"fc722c59fc46fa94f8d47a4aebb7fb11","fullName":"com.codecraft.flutter.TimerTest.TimerTest.timerTestcase","labels":[{"name":"package","value":"com.codecraft.flutter.TimerTest.TimerTest"},{"name":"testClass","value":"com.codecraft.flutter.TimerTest.TimerTest"},{"name":"testMethod","value":"timerTestcase"},{"name":"parentSuite","value":"Flutter Mobile Automation "},{"name":"suite","value":"FLUTTER-10: Regression"},{"name":"subSuite","value":"com.codecraft.flutter.TimerTest.TimerTest"},{"name":"host","value":"Ostans-MacBook-Pro-3.local"},{"name":"thread","value":"63425@Ostans-MacBook-Pro-3.local.main(1)"},{"name":"framework","value":"testng"},{"name":"language","value":"java"}],"links":[]}