{"name":"timerTestcase","status":"broken","statusDetails":{"known":false,"muted":false,"flaky":false,"message":"Can't locate an element by this strategy: By.all({AppiumBy.accessibilityId: clock})","trace":"org.openqa.selenium.NoSuchElementException: Can't locate an element by this strategy: By.all({AppiumBy.accessibilityId: clock})\n\tat io.appium.java_client.pagefactory.AppiumElementLocator.findElement(AppiumElementLocator.java:125)\n\tat io.appium.java_client.pagefactory.interceptors.InterceptorOfASingleElement.intercept(InterceptorOfASingleElement.java:59)\n\tat org.openqa.selenium.remote.RemoteWebElement$$EnhancerByCGLIB$$d27c0df4.isDisplayed(<generated>)\n\tat com.codecraft.flutter.timer.TimerNativePage.verifyClockOpened(TimerNativePage.java:25)\n\tat com.codecraft.flutter.timer.TimerPage.openClock(TimerPage.java:25)\n\tat com.codecraft.flutter.TimerTest.TimerTest.timerTestcase(TimerTest.java:18)\n\tat java.base/jdk.internal.reflect.NativeMethodAccessorImpl.invoke0(Native Method)\n\tat java.base/jdk.internal.reflect.NativeMethodAccessorImpl.invoke(NativeMethodAccessorImpl.java:62)\n\tat java.base/jdk.internal.reflect.DelegatingMethodAccessorImpl.invoke(DelegatingMethodAccessorImpl.java:43)\n\tat java.base/java.lang.reflect.Method.invoke(Method.java:566)\n\tat org.testng.internal.invokers.MethodInvocationHelper.invokeMethod(MethodInvocationHelper.java:139)\n\tat org.testng.internal.invokers.TestInvoker.invokeMethod(TestInvoker.java:677)\n\tat org.testng.internal.invokers.TestInvoker.invokeTestMethod(TestInvoker.java:221)\n\tat org.testng.internal.invokers.MethodRunner.runInSequence(MethodRunner.java:50)\n\tat org.testng.internal.invokers.TestInvoker$MethodInvocationAgent.invoke(TestInvoker.java:969)\n\tat org.testng.internal.invokers.TestInvoker.invokeTestMethods(TestInvoker.java:194)\n\tat org.testng.internal.invokers.TestMethodWorker.invokeTestMethods(TestMethodWorker.java:148)\n\tat org.testng.internal.invokers.TestMethodWorker.run(TestMethodWorker.java:128)\n\tat java.base/java.util.ArrayList.forEach(ArrayList.java:1541)\n\tat org.testng.TestRunner.privateRun(TestRunner.java:829)\n\tat org.testng.TestRunner.run(TestRunner.java:602)\n\tat org.testng.SuiteRunner.runTest(SuiteRunner.java:437)\n\tat org.testng.SuiteRunner.runSequentially(SuiteRunner.java:431)\n\tat org.testng.SuiteRunner.privateRun(SuiteRunner.java:391)\n\tat org.testng.SuiteRunner.run(SuiteRunner.java:330)\n\tat org.testng.SuiteRunnerWorker.runSuite(SuiteRunnerWorker.java:52)\n\tat org.testng.SuiteRunnerWorker.run(SuiteRunnerWorker.java:95)\n\tat org.testng.TestNG.runSuitesSequentially(TestNG.java:1256)\n\tat org.testng.TestNG.runSuitesLocally(TestNG.java:1176)\n\tat org.testng.TestNG.runSuites(TestNG.java:1099)\n\tat org.testng.TestNG.run(TestNG.java:1067)\n\tat com.intellij.rt.testng.IDEARemoteTestNG.run(IDEARemoteTestNG.java:66)\n\tat com.intellij.rt.testng.RemoteTestNGStarter.main(RemoteTestNGStarter.java:109)\nCaused by: org.openqa.selenium.TimeoutException: Expected condition failed: waiting for io.appium.java_client.pagefactory.AppiumElementLocator$WaitingFunction@62ccbd95 (tried for 10 second(s) with 500 milliseconds interval)\n\tat org.openqa.selenium.support.ui.FluentWait.timeoutException(FluentWait.java:263)\n\tat org.openqa.selenium.support.ui.FluentWait.until(FluentWait.java:231)\n\tat io.appium.java_client.pagefactory.AppiumElementLocator.waitFor(AppiumElementLocator.java:98)\n\tat io.appium.java_client.pagefactory.AppiumElementLocator.findElement(AppiumElementLocator.java:118)\n\t... 32 more\nCaused by: org.openqa.selenium.NoSuchElementException: Cannot locate an element using By.all({AppiumBy.accessibilityId: clock})\nFor documentation on this error, please visit: https://selenium.dev/exceptions/#no_such_element\nBuild info: version: '4.9.0', revision: 'd7057100a6'\nSystem info: os.name: 'Mac OS X', os.arch: 'x86_64', os.version: '12.6', java.version: '11.0.16'\nDriver info: driver.version: RemoteWebDriver\n\tat org.openqa.selenium.support.pagefactory.ByAll.findElement(ByAll.java:58)\n\tat org.openqa.selenium.remote.ElementLocation$ElementFinder$1.findElement(ElementLocation.java:136)\n\tat org.openqa.selenium.remote.ElementLocation.findElement(ElementLocation.java:60)\n\tat org.openqa.selenium.remote.RemoteWebDriver.findElement(RemoteWebDriver.java:352)\n\tat org.openqa.selenium.remote.RemoteWebDriver.findElement(RemoteWebDriver.java:344)\n\tat io.appium.java_client.android.AndroidDriver$ByteBuddy$MUUxBlSM.findElement$accessor$cU8ZBqjc(Unknown Source)\n\tat io.appium.java_client.android.AndroidDriver$ByteBuddy$MUUxBlSM$auxiliary$fgE3lY91.call(Unknown Source)\n\tat io.appium.java_client.proxy.Interceptor.intercept(Interceptor.java:101)\n\tat io.appium.java_client.android.AndroidDriver$ByteBuddy$MUUxBlSM.findElement(Unknown Source)\n\tat io.appium.java_client.pagefactory.bys.ContentMappedBy.findElement(ContentMappedBy.java:50)\n\tat org.openqa.selenium.remote.ElementLocation$ElementFinder$1.findElement(ElementLocation.java:136)\n\tat org.openqa.selenium.remote.ElementLocation.findElement(ElementLocation.java:60)\n\tat org.openqa.selenium.remote.RemoteWebDriver.findElement(RemoteWebDriver.java:352)\n\tat org.openqa.selenium.remote.RemoteWebDriver.findElement(RemoteWebDriver.java:344)\n\tat io.appium.java_client.android.AndroidDriver$ByteBuddy$MUUxBlSM.findElement$accessor$cU8ZBqjc(Unknown Source)\n\tat io.appium.java_client.android.AndroidDriver$ByteBuddy$MUUxBlSM$auxiliary$fgE3lY91.call(Unknown Source)\n\tat io.appium.java_client.proxy.Interceptor.intercept(Interceptor.java:101)\n\tat io.appium.java_client.android.AndroidDriver$ByteBuddy$MUUxBlSM.findElement(Unknown Source)\n\tat io.appium.java_client.pagefactory.AppiumElementLocator.lambda$findElement$0(AppiumElementLocator.java:119)\n\tat io.appium.java_client.pagefactory.AppiumElementLocator$WaitingFunction.apply(AppiumElementLocator.java:171)\n\tat io.appium.java_client.pagefactory.AppiumElementLocator$WaitingFunction.apply(AppiumElementLocator.java:164)\n\tat org.openqa.selenium.support.ui.FluentWait.until(FluentWait.java:208)\n\t... 34 more\n"},"stage":"finished","steps":[{"name":"Verification of clock elements...verifyClockOpened","status":"broken","statusDetails":{"known":false,"muted":false,"flaky":false,"message":"Can't locate an element by this strategy: By.all({AppiumBy.accessibilityId: clock})","trace":"org.openqa.selenium.NoSuchElementException: Can't locate an element by this strategy: By.all({AppiumBy.accessibilityId: clock})\n\tat io.appium.java_client.pagefactory.AppiumElementLocator.findElement(AppiumElementLocator.java:125)\n\tat io.appium.java_client.pagefactory.interceptors.InterceptorOfASingleElement.intercept(InterceptorOfASingleElement.java:59)\n\tat org.openqa.selenium.remote.RemoteWebElement$$EnhancerByCGLIB$$d27c0df4.isDisplayed(<generated>)\n\tat com.codecraft.flutter.timer.TimerNativePage.verifyClockOpened(TimerNativePage.java:25)\n\tat com.codecraft.flutter.timer.TimerPage.openClock(TimerPage.java:25)\n\tat com.codecraft.flutter.TimerTest.TimerTest.timerTestcase(TimerTest.java:18)\n\tat java.base/jdk.internal.reflect.NativeMethodAccessorImpl.invoke0(Native Method)\n\tat java.base/jdk.internal.reflect.NativeMethodAccessorImpl.invoke(NativeMethodAccessorImpl.java:62)\n\tat java.base/jdk.internal.reflect.DelegatingMethodAccessorImpl.invoke(DelegatingMethodAccessorImpl.java:43)\n\tat java.base/java.lang.reflect.Method.invoke(Method.java:566)\n\tat org.testng.internal.invokers.MethodInvocationHelper.invokeMethod(MethodInvocationHelper.java:139)\n\tat org.testng.internal.invokers.TestInvoker.invokeMethod(TestInvoker.java:677)\n\tat org.testng.internal.invokers.TestInvoker.invokeTestMethod(TestInvoker.java:221)\n\tat org.testng.internal.invokers.MethodRunner.runInSequence(MethodRunner.java:50)\n\tat org.testng.internal.invokers.TestInvoker$MethodInvocationAgent.invoke(TestInvoker.java:969)\n\tat org.testng.internal.invokers.TestInvoker.invokeTestMethods(TestInvoker.java:194)\n\tat org.testng.internal.invokers.TestMethodWorker.invokeTestMethods(TestMethodWorker.java:148)\n\tat org.testng.internal.invokers.TestMethodWorker.run(TestMethodWorker.java:128)\n\tat java.base/java.util.ArrayList.forEach(ArrayList.java:1541)\n\tat org.testng.TestRunner.privateRun(TestRunner.java:829)\n\tat org.testng.TestRunner.run(TestRunner.java:602)\n\tat org.testng.SuiteRunner.runTest(SuiteRunner.java:437)\n\tat org.testng.SuiteRunner.runSequentially(SuiteRunner.java:431)\n\tat org.testng.SuiteRunner.privateRun(SuiteRunner.java:391)\n\tat org.testng.SuiteRunner.run(SuiteRunner.java:330)\n\tat org.testng.SuiteRunnerWorker.runSuite(SuiteRunnerWorker.java:52)\n\tat org.testng.SuiteRunnerWorker.run(SuiteRunnerWorker.java:95)\n\tat org.testng.TestNG.runSuitesSequentially(TestNG.java:1256)\n\tat org.testng.TestNG.runSuitesLocally(TestNG.java:1176)\n\tat org.testng.TestNG.runSuites(TestNG.java:1099)\n\tat org.testng.TestNG.run(TestNG.java:1067)\n\tat com.intellij.rt.testng.IDEARemoteTestNG.run(IDEARemoteTestNG.java:66)\n\tat com.intellij.rt.testng.RemoteTestNGStarter.main(RemoteTestNGStarter.java:109)\nCaused by: org.openqa.selenium.TimeoutException: Expected condition failed: waiting for io.appium.java_client.pagefactory.AppiumElementLocator$WaitingFunction@62ccbd95 (tried for 10 second(s) with 500 milliseconds interval)\n\tat org.openqa.selenium.support.ui.FluentWait.timeoutException(FluentWait.java:263)\n\tat org.openqa.selenium.support.ui.FluentWait.until(FluentWait.java:231)\n\tat io.appium.java_client.pagefactory.AppiumElementLocator.waitFor(AppiumElementLocator.java:98)\n\tat io.appium.java_client.pagefactory.AppiumElementLocator.findElement(AppiumElementLocator.java:118)\n\t... 32 more\nCaused by: org.openqa.selenium.NoSuchElementException: Cannot locate an element using By.all({AppiumBy.accessibilityId: clock})\nFor documentation on this error, please visit: https://selenium.dev/exceptions/#no_such_element\nBuild info: version: '4.9.0', revision: 'd7057100a6'\nSystem info: os.name: 'Mac OS X', os.arch: 'x86_64', os.version: '12.6', java.version: '11.0.16'\nDriver info: driver.version: RemoteWebDriver\n\tat org.openqa.selenium.support.pagefactory.ByAll.findElement(ByAll.java:58)\n\tat org.openqa.selenium.remote.ElementLocation$ElementFinder$1.findElement(ElementLocation.java:136)\n\tat org.openqa.selenium.remote.ElementLocation.findElement(ElementLocation.java:60)\n\tat org.openqa.selenium.remote.RemoteWebDriver.findElement(RemoteWebDriver.java:352)\n\tat org.openqa.selenium.remote.RemoteWebDriver.findElement(RemoteWebDriver.java:344)\n\tat io.appium.java_client.android.AndroidDriver$ByteBuddy$MUUxBlSM.findElement$accessor$cU8ZBqjc(Unknown Source)\n\tat io.appium.java_client.android.AndroidDriver$ByteBuddy$MUUxBlSM$auxiliary$fgE3lY91.call(Unknown Source)\n\tat io.appium.java_client.proxy.Interceptor.intercept(Interceptor.java:101)\n\tat io.appium.java_client.android.AndroidDriver$ByteBuddy$MUUxBlSM.findElement(Unknown Source)\n\tat io.appium.java_client.pagefactory.bys.ContentMappedBy.findElement(ContentMappedBy.java:50)\n\tat org.openqa.selenium.remote.ElementLocation$ElementFinder$1.findElement(ElementLocation.java:136)\n\tat org.openqa.selenium.remote.ElementLocation.findElement(ElementLocation.java:60)\n\tat org.openqa.selenium.remote.RemoteWebDriver.findElement(RemoteWebDriver.java:352)\n\tat org.openqa.selenium.remote.RemoteWebDriver.findElement(RemoteWebDriver.java:344)\n\tat io.appium.java_client.android.AndroidDriver$ByteBuddy$MUUxBlSM.findElement$accessor$cU8ZBqjc(Unknown Source)\n\tat io.appium.java_client.android.AndroidDriver$ByteBuddy$MUUxBlSM$auxiliary$fgE3lY91.call(Unknown Source)\n\tat io.appium.java_client.proxy.Interceptor.intercept(Interceptor.java:101)\n\tat io.appium.java_client.android.AndroidDriver$ByteBuddy$MUUxBlSM.findElement(Unknown Source)\n\tat io.appium.java_client.pagefactory.AppiumElementLocator.lambda$findElement$0(AppiumElementLocator.java:119)\n\tat io.appium.java_client.pagefactory.AppiumElementLocator$WaitingFunction.apply(AppiumElementLocator.java:171)\n\tat io.appium.java_client.pagefactory.AppiumElementLocator$WaitingFunction.apply(AppiumElementLocator.java:164)\n\tat org.openqa.selenium.support.ui.FluentWait.until(FluentWait.java:208)\n\t... 34 more\n"},"stage":"finished","steps":[],"attachments":[],"parameters":[],"start":1683471004799,"stop":1683471015478}],"attachments":[{"name":"Failure in method {0}","source":"352785f9-7270-42b8-8ff0-1aaf90882bc8-attachment","type":"image/png"},{"name":"timerTestcase failed and screenshot taken!","source":"eae1d81a-37ed-4dfb-8170-afc5cec64fe4-attachment","type":"text/plain"}],"parameters":[{"name":"environment","value":"SamsungLocal"}],"start":1683470998764,"stop":1683471016502,"uuid":"55070e94-6798-40e0-adee-f59e715fb99a","historyId":"fc722c59fc46fa94f8d47a4aebb7fb11","fullName":"com.codecraft.flutter.TimerTest.TimerTest.timerTestcase","labels":[{"name":"package","value":"com.codecraft.flutter.TimerTest.TimerTest"},{"name":"testClass","value":"com.codecraft.flutter.TimerTest.TimerTest"},{"name":"testMethod","value":"timerTestcase"},{"name":"parentSuite","value":"Flutter Mobile Automation "},{"name":"suite","value":"FLUTTER-10: Regression"},{"name":"subSuite","value":"com.codecraft.flutter.TimerTest.TimerTest"},{"name":"host","value":"Ostans-MacBook-Pro-3.local"},{"name":"thread","value":"60502@Ostans-MacBook-Pro-3.local.main(1)"},{"name":"framework","value":"testng"},{"name":"language","value":"java"}],"links":[]}