{"name":"wrapperTestcase","status":"broken","statusDetails":{"known":false,"muted":false,"flaky":false,"message":"Expected condition failed: waiting for visibility of Located by By.all({By.xpath: //android.widget.TextView[@resource-id='merchant-name']}) (tried for 90 second(s) with 500 milliseconds interval)","trace":"org.openqa.selenium.TimeoutException: Expected condition failed: waiting for visibility of Located by By.all({By.xpath: //android.widget.TextView[@resource-id='merchant-name']}) (tried for 90 second(s) with 500 milliseconds interval)\n\tat org.openqa.selenium.support.ui.WebDriverWait.timeoutException(WebDriverWait.java:87)\n\tat org.openqa.selenium.support.ui.FluentWait.until(FluentWait.java:231)\n\tat com.codecraft.flutter.utils.Base.waitUntilElementIsVisible(Base.java:79)\n\tat com.codecraft.flutter.upi.UPINativePage.verifyUPIOpened(UPINativePage.java:30)\n\tat com.codecraft.flutter.upi.UPIPage.incrementAction(UPIPage.java:30)\n\tat com.codecraft.flutter.UPITest.UPITest.wrapperTestcase(UPITest.java:18)\n\tat java.base/jdk.internal.reflect.NativeMethodAccessorImpl.invoke0(Native Method)\n\tat java.base/jdk.internal.reflect.NativeMethodAccessorImpl.invoke(NativeMethodAccessorImpl.java:62)\n\tat java.base/jdk.internal.reflect.DelegatingMethodAccessorImpl.invoke(DelegatingMethodAccessorImpl.java:43)\n\tat java.base/java.lang.reflect.Method.invoke(Method.java:566)\n\tat org.testng.internal.invokers.MethodInvocationHelper.invokeMethod(MethodInvocationHelper.java:139)\n\tat org.testng.internal.invokers.TestInvoker.invokeMethod(TestInvoker.java:677)\n\tat org.testng.internal.invokers.TestInvoker.invokeTestMethod(TestInvoker.java:221)\n\tat org.testng.internal.invokers.MethodRunner.runInSequence(MethodRunner.java:50)\n\tat org.testng.internal.invokers.TestInvoker$MethodInvocationAgent.invoke(TestInvoker.java:969)\n\tat org.testng.internal.invokers.TestInvoker.invokeTestMethods(TestInvoker.java:194)\n\tat org.testng.internal.invokers.TestMethodWorker.invokeTestMethods(TestMethodWorker.java:148)\n\tat org.testng.internal.invokers.TestMethodWorker.run(TestMethodWorker.java:128)\n\tat java.base/java.util.ArrayList.forEach(ArrayList.java:1541)\n\tat org.testng.TestRunner.privateRun(TestRunner.java:829)\n\tat org.testng.TestRunner.run(TestRunner.java:602)\n\tat org.testng.SuiteRunner.runTest(SuiteRunner.java:437)\n\tat org.testng.SuiteRunner.runSequentially(SuiteRunner.java:431)\n\tat org.testng.SuiteRunner.privateRun(SuiteRunner.java:391)\n\tat org.testng.SuiteRunner.run(SuiteRunner.java:330)\n\tat org.testng.SuiteRunnerWorker.runSuite(SuiteRunnerWorker.java:52)\n\tat org.testng.SuiteRunnerWorker.run(SuiteRunnerWorker.java:95)\n\tat org.testng.TestNG.runSuitesSequentially(TestNG.java:1256)\n\tat org.testng.TestNG.runSuitesLocally(TestNG.java:1176)\n\tat org.testng.TestNG.runSuites(TestNG.java:1099)\n\tat org.testng.TestNG.run(TestNG.java:1067)\n\tat com.intellij.rt.testng.IDEARemoteTestNG.run(IDEARemoteTestNG.java:66)\n\tat com.intellij.rt.testng.RemoteTestNGStarter.main(RemoteTestNGStarter.java:109)\nCaused by: org.openqa.selenium.NoSuchElementException: Can't locate an element by this strategy: By.all({By.xpath: //android.widget.TextView[@resource-id='merchant-name']})\n\tat io.appium.java_client.pagefactory.AppiumElementLocator.findElement(AppiumElementLocator.java:125)\n\tat io.appium.java_client.pagefactory.interceptors.InterceptorOfASingleElement.intercept(InterceptorOfASingleElement.java:59)\n\tat org.openqa.selenium.remote.RemoteWebElement$$EnhancerByCGLIB$$d27c0df4.isDisplayed(<generated>)\n\tat org.openqa.selenium.support.ui.ExpectedConditions.elementIfVisible(ExpectedConditions.java:307)\n\tat org.openqa.selenium.support.ui.ExpectedConditions.access$000(ExpectedConditions.java:40)\n\tat org.openqa.selenium.support.ui.ExpectedConditions$10.apply(ExpectedConditions.java:293)\n\tat org.openqa.selenium.support.ui.ExpectedConditions$10.apply(ExpectedConditions.java:290)\n\tat org.openqa.selenium.support.ui.FluentWait.until(FluentWait.java:208)\n\t... 31 more\nCaused by: org.openqa.selenium.TimeoutException: Expected condition failed: waiting for io.appium.java_client.pagefactory.AppiumElementLocator$WaitingFunction@3cced001 (tried for 10 second(s) with 500 milliseconds interval)\n\tat org.openqa.selenium.support.ui.FluentWait.timeoutException(FluentWait.java:263)\n\tat org.openqa.selenium.support.ui.FluentWait.until(FluentWait.java:231)\n\tat io.appium.java_client.pagefactory.AppiumElementLocator.waitFor(AppiumElementLocator.java:98)\n\tat io.appium.java_client.pagefactory.AppiumElementLocator.findElement(AppiumElementLocator.java:118)\n\t... 38 more\nCaused by: org.openqa.selenium.NoSuchElementException: Cannot locate an element using By.all({By.xpath: //android.widget.TextView[@resource-id='merchant-name']})\nFor documentation on this error, please visit: https://selenium.dev/exceptions/#no_such_element\nBuild info: version: '4.9.0', revision: 'd7057100a6'\nSystem info: os.name: 'Mac OS X', os.arch: 'x86_64', os.version: '12.6', java.version: '11.0.16'\nDriver info: driver.version: RemoteWebDriver\n\tat org.openqa.selenium.support.pagefactory.ByAll.findElement(ByAll.java:58)\n\tat org.openqa.selenium.remote.ElementLocation$ElementFinder$1.findElement(ElementLocation.java:136)\n\tat org.openqa.selenium.remote.ElementLocation.findElement(ElementLocation.java:60)\n\tat org.openqa.selenium.remote.RemoteWebDriver.findElement(RemoteWebDriver.java:352)\n\tat org.openqa.selenium.remote.RemoteWebDriver.findElement(RemoteWebDriver.java:344)\n\tat io.appium.java_client.android.AndroidDriver$ByteBuddy$mVLuiOlZ.findElement$accessor$X1o8VCA4(Unknown Source)\n\tat io.appium.java_client.android.AndroidDriver$ByteBuddy$mVLuiOlZ$auxiliary$rGvDl2I2.call(Unknown Source)\n\tat io.appium.java_client.proxy.Interceptor.intercept(Interceptor.java:101)\n\tat io.appium.java_client.android.AndroidDriver$ByteBuddy$mVLuiOlZ.findElement(Unknown Source)\n\tat io.appium.java_client.pagefactory.bys.ContentMappedBy.findElement(ContentMappedBy.java:50)\n\tat org.openqa.selenium.remote.ElementLocation$ElementFinder$1.findElement(ElementLocation.java:136)\n\tat org.openqa.selenium.remote.ElementLocation.findElement(ElementLocation.java:60)\n\tat org.openqa.selenium.remote.RemoteWebDriver.findElement(RemoteWebDriver.java:352)\n\tat org.openqa.selenium.remote.RemoteWebDriver.findElement(RemoteWebDriver.java:344)\n\tat io.appium.java_client.android.AndroidDriver$ByteBuddy$mVLuiOlZ.findElement$accessor$X1o8VCA4(Unknown Source)\n\tat io.appium.java_client.android.AndroidDriver$ByteBuddy$mVLuiOlZ$auxiliary$rGvDl2I2.call(Unknown Source)\n\tat io.appium.java_client.proxy.Interceptor.intercept(Interceptor.java:101)\n\tat io.appium.java_client.android.AndroidDriver$ByteBuddy$mVLuiOlZ.findElement(Unknown Source)\n\tat io.appium.java_client.pagefactory.AppiumElementLocator.lambda$findElement$0(AppiumElementLocator.java:119)\n\tat io.appium.java_client.pagefactory.AppiumElementLocator$WaitingFunction.apply(AppiumElementLocator.java:171)\n\tat io.appium.java_client.pagefactory.AppiumElementLocator$WaitingFunction.apply(AppiumElementLocator.java:164)\n\tat org.openqa.selenium.support.ui.FluentWait.until(FluentWait.java:208)\n\t... 40 more\n"},"stage":"finished","steps":[{"name":"Verification of payment gateway...verifyUPIOpened","status":"broken","statusDetails":{"known":false,"muted":false,"flaky":false,"message":"Expected condition failed: waiting for visibility of Located by By.all({By.xpath: //android.widget.TextView[@resource-id='merchant-name']}) (tried for 90 second(s) with 500 milliseconds interval)","trace":"org.openqa.selenium.TimeoutException: Expected condition failed: waiting for visibility of Located by By.all({By.xpath: //android.widget.TextView[@resource-id='merchant-name']}) (tried for 90 second(s) with 500 milliseconds interval)\n\tat org.openqa.selenium.support.ui.WebDriverWait.timeoutException(WebDriverWait.java:87)\n\tat org.openqa.selenium.support.ui.FluentWait.until(FluentWait.java:231)\n\tat com.codecraft.flutter.utils.Base.waitUntilElementIsVisible(Base.java:79)\n\tat com.codecraft.flutter.upi.UPINativePage.verifyUPIOpened(UPINativePage.java:30)\n\tat com.codecraft.flutter.upi.UPIPage.incrementAction(UPIPage.java:30)\n\tat com.codecraft.flutter.UPITest.UPITest.wrapperTestcase(UPITest.java:18)\n\tat java.base/jdk.internal.reflect.NativeMethodAccessorImpl.invoke0(Native Method)\n\tat java.base/jdk.internal.reflect.NativeMethodAccessorImpl.invoke(NativeMethodAccessorImpl.java:62)\n\tat java.base/jdk.internal.reflect.DelegatingMethodAccessorImpl.invoke(DelegatingMethodAccessorImpl.java:43)\n\tat java.base/java.lang.reflect.Method.invoke(Method.java:566)\n\tat org.testng.internal.invokers.MethodInvocationHelper.invokeMethod(MethodInvocationHelper.java:139)\n\tat org.testng.internal.invokers.TestInvoker.invokeMethod(TestInvoker.java:677)\n\tat org.testng.internal.invokers.TestInvoker.invokeTestMethod(TestInvoker.java:221)\n\tat org.testng.internal.invokers.MethodRunner.runInSequence(MethodRunner.java:50)\n\tat org.testng.internal.invokers.TestInvoker$MethodInvocationAgent.invoke(TestInvoker.java:969)\n\tat org.testng.internal.invokers.TestInvoker.invokeTestMethods(TestInvoker.java:194)\n\tat org.testng.internal.invokers.TestMethodWorker.invokeTestMethods(TestMethodWorker.java:148)\n\tat org.testng.internal.invokers.TestMethodWorker.run(TestMethodWorker.java:128)\n\tat java.base/java.util.ArrayList.forEach(ArrayList.java:1541)\n\tat org.testng.TestRunner.privateRun(TestRunner.java:829)\n\tat org.testng.TestRunner.run(TestRunner.java:602)\n\tat org.testng.SuiteRunner.runTest(SuiteRunner.java:437)\n\tat org.testng.SuiteRunner.runSequentially(SuiteRunner.java:431)\n\tat org.testng.SuiteRunner.privateRun(SuiteRunner.java:391)\n\tat org.testng.SuiteRunner.run(SuiteRunner.java:330)\n\tat org.testng.SuiteRunnerWorker.runSuite(SuiteRunnerWorker.java:52)\n\tat org.testng.SuiteRunnerWorker.run(SuiteRunnerWorker.java:95)\n\tat org.testng.TestNG.runSuitesSequentially(TestNG.java:1256)\n\tat org.testng.TestNG.runSuitesLocally(TestNG.java:1176)\n\tat org.testng.TestNG.runSuites(TestNG.java:1099)\n\tat org.testng.TestNG.run(TestNG.java:1067)\n\tat com.intellij.rt.testng.IDEARemoteTestNG.run(IDEARemoteTestNG.java:66)\n\tat com.intellij.rt.testng.RemoteTestNGStarter.main(RemoteTestNGStarter.java:109)\nCaused by: org.openqa.selenium.NoSuchElementException: Can't locate an element by this strategy: By.all({By.xpath: //android.widget.TextView[@resource-id='merchant-name']})\n\tat io.appium.java_client.pagefactory.AppiumElementLocator.findElement(AppiumElementLocator.java:125)\n\tat io.appium.java_client.pagefactory.interceptors.InterceptorOfASingleElement.intercept(InterceptorOfASingleElement.java:59)\n\tat org.openqa.selenium.remote.RemoteWebElement$$EnhancerByCGLIB$$d27c0df4.isDisplayed(<generated>)\n\tat org.openqa.selenium.support.ui.ExpectedConditions.elementIfVisible(ExpectedConditions.java:307)\n\tat org.openqa.selenium.support.ui.ExpectedConditions.access$000(ExpectedConditions.java:40)\n\tat org.openqa.selenium.support.ui.ExpectedConditions$10.apply(ExpectedConditions.java:293)\n\tat org.openqa.selenium.support.ui.ExpectedConditions$10.apply(ExpectedConditions.java:290)\n\tat org.openqa.selenium.support.ui.FluentWait.until(FluentWait.java:208)\n\t... 31 more\nCaused by: org.openqa.selenium.TimeoutException: Expected condition failed: waiting for io.appium.java_client.pagefactory.AppiumElementLocator$WaitingFunction@3cced001 (tried for 10 second(s) with 500 milliseconds interval)\n\tat org.openqa.selenium.support.ui.FluentWait.timeoutException(FluentWait.java:263)\n\tat org.openqa.selenium.support.ui.FluentWait.until(FluentWait.java:231)\n\tat io.appium.java_client.pagefactory.AppiumElementLocator.waitFor(AppiumElementLocator.java:98)\n\tat io.appium.java_client.pagefactory.AppiumElementLocator.findElement(AppiumElementLocator.java:118)\n\t... 38 more\nCaused by: org.openqa.selenium.NoSuchElementException: Cannot locate an element using By.all({By.xpath: //android.widget.TextView[@resource-id='merchant-name']})\nFor documentation on this error, please visit: https://selenium.dev/exceptions/#no_such_element\nBuild info: version: '4.9.0', revision: 'd7057100a6'\nSystem info: os.name: 'Mac OS X', os.arch: 'x86_64', os.version: '12.6', java.version: '11.0.16'\nDriver info: driver.version: RemoteWebDriver\n\tat org.openqa.selenium.support.pagefactory.ByAll.findElement(ByAll.java:58)\n\tat org.openqa.selenium.remote.ElementLocation$ElementFinder$1.findElement(ElementLocation.java:136)\n\tat org.openqa.selenium.remote.ElementLocation.findElement(ElementLocation.java:60)\n\tat org.openqa.selenium.remote.RemoteWebDriver.findElement(RemoteWebDriver.java:352)\n\tat org.openqa.selenium.remote.RemoteWebDriver.findElement(RemoteWebDriver.java:344)\n\tat io.appium.java_client.android.AndroidDriver$ByteBuddy$mVLuiOlZ.findElement$accessor$X1o8VCA4(Unknown Source)\n\tat io.appium.java_client.android.AndroidDriver$ByteBuddy$mVLuiOlZ$auxiliary$rGvDl2I2.call(Unknown Source)\n\tat io.appium.java_client.proxy.Interceptor.intercept(Interceptor.java:101)\n\tat io.appium.java_client.android.AndroidDriver$ByteBuddy$mVLuiOlZ.findElement(Unknown Source)\n\tat io.appium.java_client.pagefactory.bys.ContentMappedBy.findElement(ContentMappedBy.java:50)\n\tat org.openqa.selenium.remote.ElementLocation$ElementFinder$1.findElement(ElementLocation.java:136)\n\tat org.openqa.selenium.remote.ElementLocation.findElement(ElementLocation.java:60)\n\tat org.openqa.selenium.remote.RemoteWebDriver.findElement(RemoteWebDriver.java:352)\n\tat org.openqa.selenium.remote.RemoteWebDriver.findElement(RemoteWebDriver.java:344)\n\tat io.appium.java_client.android.AndroidDriver$ByteBuddy$mVLuiOlZ.findElement$accessor$X1o8VCA4(Unknown Source)\n\tat io.appium.java_client.android.AndroidDriver$ByteBuddy$mVLuiOlZ$auxiliary$rGvDl2I2.call(Unknown Source)\n\tat io.appium.java_client.proxy.Interceptor.intercept(Interceptor.java:101)\n\tat io.appium.java_client.android.AndroidDriver$ByteBuddy$mVLuiOlZ.findElement(Unknown Source)\n\tat io.appium.java_client.pagefactory.AppiumElementLocator.lambda$findElement$0(AppiumElementLocator.java:119)\n\tat io.appium.java_client.pagefactory.AppiumElementLocator$WaitingFunction.apply(AppiumElementLocator.java:171)\n\tat io.appium.java_client.pagefactory.AppiumElementLocator$WaitingFunction.apply(AppiumElementLocator.java:164)\n\tat org.openqa.selenium.support.ui.FluentWait.until(FluentWait.java:208)\n\t... 40 more\n"},"stage":"finished","steps":[],"attachments":[],"parameters":[],"start":1683474304623,"stop":1683474412911}],"attachments":[{"name":"Failure in method {0}","source":"af8171b1-75fe-44c4-90a7-aa133de5b035-attachment","type":"image/png"},{"name":"wrapperTestcase failed and screenshot taken!","source":"86aec850-c340-4c5c-8b97-8c904b2c37a9-attachment","type":"text/plain"}],"parameters":[{"name":"environment","value":"SamsungLocal"}],"start":1683474296216,"stop":1683474415945,"uuid":"82637791-9ac5-4fd3-957b-12fa76a0538e","historyId":"27e86fc6104fdb15bfd9913b01e1773c","fullName":"com.codecraft.flutter.UPITest.UPITest.wrapperTestcase","labels":[{"name":"package","value":"com.codecraft.flutter.UPITest.UPITest"},{"name":"testClass","value":"com.codecraft.flutter.UPITest.UPITest"},{"name":"testMethod","value":"wrapperTestcase"},{"name":"parentSuite","value":"Flutter Mobile Automation "},{"name":"suite","value":"FLUTTER-11: Regression"},{"name":"subSuite","value":"com.codecraft.flutter.UPITest.UPITest"},{"name":"host","value":"Ostans-MacBook-Pro-3.local"},{"name":"thread","value":"69207@Ostans-MacBook-Pro-3.local.main(1)"},{"name":"framework","value":"testng"},{"name":"language","value":"java"}],"links":[]}