{"name":"webEnabledTestcase","status":"broken","statusDetails":{"known":false,"muted":false,"flaky":false,"message":"No such context found.\nBuild info: version: '4.9.0', revision: 'd7057100a6'\nSystem info: os.name: 'Mac OS X', os.arch: 'x86_64', os.version: '12.6', java.version: '11.0.16'\nDriver info: io.appium.java_client.android.AndroidDriver$ByteBuddy$77ywVPi6\nCommand: [c1e713a8-24ca-4982-9ec8-2ac137251b67, switchToContext {name=WEBVIEW}]\nCapabilities {appium:address: 0.0.0.0, appium:allowCors: false, appium:allowInsecure: [], appium:app: /Users/ostan/Documents/Auto..., appium:appActivity: com.example.gesture_automat..., appium:appPackage: com.example.gesture_automate, appium:autoGrantPermissions: true, appium:automationName: FLUTTER, appium:basePath: , appium:browserstack.appium_version: 2.0.0, appium:browserstack.debug: true, appium:browserstack.local: true, appium:browserstack.networkLogs: true, appium:buildName: Mercury_QA, appium:callbackPort: 4723, appium:debugLogSpacing: false, appium:denyInsecure: [], appium:deviceName: emulator-5554, appium:driver: {xcuitest: {wdaLocalPort: 8100}}, appium:eventTimings: true, appium:extraArgs: [], appium:fastReset: true, appium:keepAliveTimeout: 600, appium:localTimezone: false, appium:logNoColors: false, appium:logTimestamp: false, appium:loglevel: debug, appium:longStacktrace: false, appium:name: Flutter Test, appium:newCommandTimeout: 180, appium:noPermsCheck: false, appium:noReset: false, appium:platformVersion: 13.0, appium:port: 4723, appium:relaxedSecurityEnabled: false, appium:sessionOverride: false, appium:skipUninstall: true, appium:strictCaps: false, appium:subcommand: server, appium:tmpDir: /var/folders/h2/7jxd5fsj79l..., appium:udid: , appium:useDrivers: [], appium:usePlugins: [], platformName: ANDROID}\nSession ID: c1e713a8-24ca-4982-9ec8-2ac137251b67","trace":"io.appium.java_client.NoSuchContextException: No such context found.\nBuild info: version: '4.9.0', revision: 'd7057100a6'\nSystem info: os.name: 'Mac OS X', os.arch: 'x86_64', os.version: '12.6', java.version: '11.0.16'\nDriver info: io.appium.java_client.android.AndroidDriver$ByteBuddy$77ywVPi6\nCommand: [c1e713a8-24ca-4982-9ec8-2ac137251b67, switchToContext {name=WEBVIEW}]\nCapabilities {appium:address: 0.0.0.0, appium:allowCors: false, appium:allowInsecure: [], appium:app: /Users/ostan/Documents/Auto..., appium:appActivity: com.example.gesture_automat..., appium:appPackage: com.example.gesture_automate, appium:autoGrantPermissions: true, appium:automationName: FLUTTER, appium:basePath: , appium:browserstack.appium_version: 2.0.0, appium:browserstack.debug: true, appium:browserstack.local: true, appium:browserstack.networkLogs: true, appium:buildName: Mercury_QA, appium:callbackPort: 4723, appium:debugLogSpacing: false, appium:denyInsecure: [], appium:deviceName: emulator-5554, appium:driver: {xcuitest: {wdaLocalPort: 8100}}, appium:eventTimings: true, appium:extraArgs: [], appium:fastReset: true, appium:keepAliveTimeout: 600, appium:localTimezone: false, appium:logNoColors: false, appium:logTimestamp: false, appium:loglevel: debug, appium:longStacktrace: false, appium:name: Flutter Test, appium:newCommandTimeout: 180, appium:noPermsCheck: false, appium:noReset: false, appium:platformVersion: 13.0, appium:port: 4723, appium:relaxedSecurityEnabled: false, appium:sessionOverride: false, appium:skipUninstall: true, appium:strictCaps: false, appium:subcommand: server, appium:tmpDir: /var/folders/h2/7jxd5fsj79l..., appium:udid: , appium:useDrivers: [], appium:usePlugins: [], platformName: ANDROID}\nSession ID: c1e713a8-24ca-4982-9ec8-2ac137251b67\n\tat io.appium.java_client.remote.SupportsContextSwitching.context(SupportsContextSwitching.java:48)\n\tat io.appium.java_client.android.AndroidDriver$ByteBuddy$77ywVPi6.context$accessor$JHdrX9ww(Unknown Source)\n\tat io.appium.java_client.android.AndroidDriver$ByteBuddy$77ywVPi6$auxiliary$pCiHfkT5.call(Unknown Source)\n\tat io.appium.java_client.proxy.Interceptor.intercept(Interceptor.java:101)\n\tat io.appium.java_client.android.AndroidDriver$ByteBuddy$77ywVPi6.context(Unknown Source)\n\tat com.codecraft.flutter.utils.Base.switchContext(Base.java:449)\n\tat com.codecraft.flutter.webView.WebViewNativePage.webSearch(WebViewNativePage.java:26)\n\tat com.codecraft.flutter.WebViewTest.WebViewTest.webEnabledTestcase(WebViewTest.java:19)\n\tat java.base/jdk.internal.reflect.NativeMethodAccessorImpl.invoke0(Native Method)\n\tat java.base/jdk.internal.reflect.NativeMethodAccessorImpl.invoke(NativeMethodAccessorImpl.java:62)\n\tat java.base/jdk.internal.reflect.DelegatingMethodAccessorImpl.invoke(DelegatingMethodAccessorImpl.java:43)\n\tat java.base/java.lang.reflect.Method.invoke(Method.java:566)\n\tat org.testng.internal.invokers.MethodInvocationHelper.invokeMethod(MethodInvocationHelper.java:139)\n\tat org.testng.internal.invokers.TestInvoker.invokeMethod(TestInvoker.java:677)\n\tat org.testng.internal.invokers.TestInvoker.invokeTestMethod(TestInvoker.java:221)\n\tat org.testng.internal.invokers.MethodRunner.runInSequence(MethodRunner.java:50)\n\tat org.testng.internal.invokers.TestInvoker$MethodInvocationAgent.invoke(TestInvoker.java:969)\n\tat org.testng.internal.invokers.TestInvoker.invokeTestMethods(TestInvoker.java:194)\n\tat org.testng.internal.invokers.TestMethodWorker.invokeTestMethods(TestMethodWorker.java:148)\n\tat org.testng.internal.invokers.TestMethodWorker.run(TestMethodWorker.java:128)\n\tat java.base/java.util.ArrayList.forEach(ArrayList.java:1541)\n\tat org.testng.TestRunner.privateRun(TestRunner.java:829)\n\tat org.testng.TestRunner.run(TestRunner.java:602)\n\tat org.testng.SuiteRunner.runTest(SuiteRunner.java:437)\n\tat org.testng.SuiteRunner.runSequentially(SuiteRunner.java:431)\n\tat org.testng.SuiteRunner.privateRun(SuiteRunner.java:391)\n\tat org.testng.SuiteRunner.run(SuiteRunner.java:330)\n\tat org.testng.SuiteRunnerWorker.runSuite(SuiteRunnerWorker.java:52)\n\tat org.testng.SuiteRunnerWorker.run(SuiteRunnerWorker.java:95)\n\tat org.testng.TestNG.runSuitesSequentially(TestNG.java:1256)\n\tat org.testng.TestNG.runSuitesLocally(TestNG.java:1176)\n\tat org.testng.TestNG.runSuites(TestNG.java:1099)\n\tat org.testng.TestNG.run(TestNG.java:1067)\n\tat com.intellij.rt.testng.IDEARemoteTestNG.run(IDEARemoteTestNG.java:66)\n\tat com.intellij.rt.testng.RemoteTestNGStarter.main(RemoteTestNGStarter.java:109)\nCaused by: org.openqa.selenium.WebDriverException: No such context found.\nBuild info: version: '4.9.0', revision: 'd7057100a6'\nSystem info: os.name: 'Mac OS X', os.arch: 'x86_64', os.version: '12.6', java.version: '11.0.16'\nDriver info: io.appium.java_client.android.AndroidDriver$ByteBuddy$77ywVPi6\nCommand: [c1e713a8-24ca-4982-9ec8-2ac137251b67, switchToContext {name=WEBVIEW}]\nCapabilities {appium:address: 0.0.0.0, appium:allowCors: false, appium:allowInsecure: [], appium:app: /Users/ostan/Documents/Auto..., appium:appActivity: com.example.gesture_automat..., appium:appPackage: com.example.gesture_automate, appium:autoGrantPermissions: true, appium:automationName: FLUTTER, appium:basePath: , appium:browserstack.appium_version: 2.0.0, appium:browserstack.debug: true, appium:browserstack.local: true, appium:browserstack.networkLogs: true, appium:buildName: Mercury_QA, appium:callbackPort: 4723, appium:debugLogSpacing: false, appium:denyInsecure: [], appium:deviceName: emulator-5554, appium:driver: {xcuitest: {wdaLocalPort: 8100}}, appium:eventTimings: true, appium:extraArgs: [], appium:fastReset: true, appium:keepAliveTimeout: 600, appium:localTimezone: false, appium:logNoColors: false, appium:logTimestamp: false, appium:loglevel: debug, appium:longStacktrace: false, appium:name: Flutter Test, appium:newCommandTimeout: 180, appium:noPermsCheck: false, appium:noReset: false, appium:platformVersion: 13.0, appium:port: 4723, appium:relaxedSecurityEnabled: false, appium:sessionOverride: false, appium:skipUninstall: true, appium:strictCaps: false, appium:subcommand: server, appium:tmpDir: /var/folders/h2/7jxd5fsj79l..., appium:udid: , appium:useDrivers: [], appium:usePlugins: [], platformName: ANDROID}\nSession ID: c1e713a8-24ca-4982-9ec8-2ac137251b67\n\tat java.base/jdk.internal.reflect.NativeConstructorAccessorImpl.newInstance0(Native Method)\n\tat java.base/jdk.internal.reflect.NativeConstructorAccessorImpl.newInstance(NativeConstructorAccessorImpl.java:62)\n\tat java.base/jdk.internal.reflect.DelegatingConstructorAccessorImpl.newInstance(DelegatingConstructorAccessorImpl.java:45)\n\tat java.base/java.lang.reflect.Constructor.newInstance(Constructor.java:490)\n\tat org.openqa.selenium.remote.codec.w3c.W3CHttpResponseCodec.createException(W3CHttpResponseCodec.java:200)\n\tat org.openqa.selenium.remote.codec.w3c.W3CHttpResponseCodec.decode(W3CHttpResponseCodec.java:133)\n\tat org.openqa.selenium.remote.codec.w3c.W3CHttpResponseCodec.decode(W3CHttpResponseCodec.java:53)\n\tat org.openqa.selenium.remote.HttpCommandExecutor.execute(HttpCommandExecutor.java:193)\n\tat io.appium.java_client.remote.AppiumCommandExecutor.execute(AppiumCommandExecutor.java:262)\n\tat org.openqa.selenium.remote.RemoteWebDriver.execute(RemoteWebDriver.java:543)\n\tat org.openqa.selenium.remote.RemoteWebDriver.execute(RemoteWebDriver.java:598)\n\tat io.appium.java_client.AppiumDriver.execute(AppiumDriver.java:267)\n\tat io.appium.java_client.android.AndroidDriver$ByteBuddy$77ywVPi6.execute$accessor$JHdrX9ww(Unknown Source)\n\tat io.appium.java_client.android.AndroidDriver$ByteBuddy$77ywVPi6$auxiliary$ffmhH2jw.call(Unknown Source)\n\tat io.appium.java_client.proxy.Interceptor.intercept(Interceptor.java:101)\n\tat io.appium.java_client.android.AndroidDriver$ByteBuddy$77ywVPi6.execute(Unknown Source)\n\tat io.appium.java_client.remote.SupportsContextSwitching.context(SupportsContextSwitching.java:45)\n\t... 34 more\n"},"stage":"finished","steps":[{"name":"Web Search...webSearch","status":"broken","statusDetails":{"known":false,"muted":false,"flaky":false,"message":"No such context found.\nBuild info: version: '4.9.0', revision: 'd7057100a6'\nSystem info: os.name: 'Mac OS X', os.arch: 'x86_64', os.version: '12.6', java.version: '11.0.16'\nDriver info: io.appium.java_client.android.AndroidDriver$ByteBuddy$77ywVPi6\nCommand: [c1e713a8-24ca-4982-9ec8-2ac137251b67, switchToContext {name=WEBVIEW}]\nCapabilities {appium:address: 0.0.0.0, appium:allowCors: false, appium:allowInsecure: [], appium:app: /Users/ostan/Documents/Auto..., appium:appActivity: com.example.gesture_automat..., appium:appPackage: com.example.gesture_automate, appium:autoGrantPermissions: true, appium:automationName: FLUTTER, appium:basePath: , appium:browserstack.appium_version: 2.0.0, appium:browserstack.debug: true, appium:browserstack.local: true, appium:browserstack.networkLogs: true, appium:buildName: Mercury_QA, appium:callbackPort: 4723, appium:debugLogSpacing: false, appium:denyInsecure: [], appium:deviceName: emulator-5554, appium:driver: {xcuitest: {wdaLocalPort: 8100}}, appium:eventTimings: true, appium:extraArgs: [], appium:fastReset: true, appium:keepAliveTimeout: 600, appium:localTimezone: false, appium:logNoColors: false, appium:logTimestamp: false, appium:loglevel: debug, appium:longStacktrace: false, appium:name: Flutter Test, appium:newCommandTimeout: 180, appium:noPermsCheck: false, appium:noReset: false, appium:platformVersion: 13.0, appium:port: 4723, appium:relaxedSecurityEnabled: false, appium:sessionOverride: false, appium:skipUninstall: true, appium:strictCaps: false, appium:subcommand: server, appium:tmpDir: /var/folders/h2/7jxd5fsj79l..., appium:udid: , appium:useDrivers: [], appium:usePlugins: [], platformName: ANDROID}\nSession ID: c1e713a8-24ca-4982-9ec8-2ac137251b67","trace":"io.appium.java_client.NoSuchContextException: No such context found.\nBuild info: version: '4.9.0', revision: 'd7057100a6'\nSystem info: os.name: 'Mac OS X', os.arch: 'x86_64', os.version: '12.6', java.version: '11.0.16'\nDriver info: io.appium.java_client.android.AndroidDriver$ByteBuddy$77ywVPi6\nCommand: [c1e713a8-24ca-4982-9ec8-2ac137251b67, switchToContext {name=WEBVIEW}]\nCapabilities {appium:address: 0.0.0.0, appium:allowCors: false, appium:allowInsecure: [], appium:app: /Users/ostan/Documents/Auto..., appium:appActivity: com.example.gesture_automat..., appium:appPackage: com.example.gesture_automate, appium:autoGrantPermissions: true, appium:automationName: FLUTTER, appium:basePath: , appium:browserstack.appium_version: 2.0.0, appium:browserstack.debug: true, appium:browserstack.local: true, appium:browserstack.networkLogs: true, appium:buildName: Mercury_QA, appium:callbackPort: 4723, appium:debugLogSpacing: false, appium:denyInsecure: [], appium:deviceName: emulator-5554, appium:driver: {xcuitest: {wdaLocalPort: 8100}}, appium:eventTimings: true, appium:extraArgs: [], appium:fastReset: true, appium:keepAliveTimeout: 600, appium:localTimezone: false, appium:logNoColors: false, appium:logTimestamp: false, appium:loglevel: debug, appium:longStacktrace: false, appium:name: Flutter Test, appium:newCommandTimeout: 180, appium:noPermsCheck: false, appium:noReset: false, appium:platformVersion: 13.0, appium:port: 4723, appium:relaxedSecurityEnabled: false, appium:sessionOverride: false, appium:skipUninstall: true, appium:strictCaps: false, appium:subcommand: server, appium:tmpDir: /var/folders/h2/7jxd5fsj79l..., appium:udid: , appium:useDrivers: [], appium:usePlugins: [], platformName: ANDROID}\nSession ID: c1e713a8-24ca-4982-9ec8-2ac137251b67\n\tat io.appium.java_client.remote.SupportsContextSwitching.context(SupportsContextSwitching.java:48)\n\tat io.appium.java_client.android.AndroidDriver$ByteBuddy$77ywVPi6.context$accessor$JHdrX9ww(Unknown Source)\n\tat io.appium.java_client.android.AndroidDriver$ByteBuddy$77ywVPi6$auxiliary$pCiHfkT5.call(Unknown Source)\n\tat io.appium.java_client.proxy.Interceptor.intercept(Interceptor.java:101)\n\tat io.appium.java_client.android.AndroidDriver$ByteBuddy$77ywVPi6.context(Unknown Source)\n\tat com.codecraft.flutter.utils.Base.switchContext(Base.java:449)\n\tat com.codecraft.flutter.webView.WebViewNativePage.webSearch(WebViewNativePage.java:26)\n\tat com.codecraft.flutter.WebViewTest.WebViewTest.webEnabledTestcase(WebViewTest.java:19)\n\tat java.base/jdk.internal.reflect.NativeMethodAccessorImpl.invoke0(Native Method)\n\tat java.base/jdk.internal.reflect.NativeMethodAccessorImpl.invoke(NativeMethodAccessorImpl.java:62)\n\tat java.base/jdk.internal.reflect.DelegatingMethodAccessorImpl.invoke(DelegatingMethodAccessorImpl.java:43)\n\tat java.base/java.lang.reflect.Method.invoke(Method.java:566)\n\tat org.testng.internal.invokers.MethodInvocationHelper.invokeMethod(MethodInvocationHelper.java:139)\n\tat org.testng.internal.invokers.TestInvoker.invokeMethod(TestInvoker.java:677)\n\tat org.testng.internal.invokers.TestInvoker.invokeTestMethod(TestInvoker.java:221)\n\tat org.testng.internal.invokers.MethodRunner.runInSequence(MethodRunner.java:50)\n\tat org.testng.internal.invokers.TestInvoker$MethodInvocationAgent.invoke(TestInvoker.java:969)\n\tat org.testng.internal.invokers.TestInvoker.invokeTestMethods(TestInvoker.java:194)\n\tat org.testng.internal.invokers.TestMethodWorker.invokeTestMethods(TestMethodWorker.java:148)\n\tat org.testng.internal.invokers.TestMethodWorker.run(TestMethodWorker.java:128)\n\tat java.base/java.util.ArrayList.forEach(ArrayList.java:1541)\n\tat org.testng.TestRunner.privateRun(TestRunner.java:829)\n\tat org.testng.TestRunner.run(TestRunner.java:602)\n\tat org.testng.SuiteRunner.runTest(SuiteRunner.java:437)\n\tat org.testng.SuiteRunner.runSequentially(SuiteRunner.java:431)\n\tat org.testng.SuiteRunner.privateRun(SuiteRunner.java:391)\n\tat org.testng.SuiteRunner.run(SuiteRunner.java:330)\n\tat org.testng.SuiteRunnerWorker.runSuite(SuiteRunnerWorker.java:52)\n\tat org.testng.SuiteRunnerWorker.run(SuiteRunnerWorker.java:95)\n\tat org.testng.TestNG.runSuitesSequentially(TestNG.java:1256)\n\tat org.testng.TestNG.runSuitesLocally(TestNG.java:1176)\n\tat org.testng.TestNG.runSuites(TestNG.java:1099)\n\tat org.testng.TestNG.run(TestNG.java:1067)\n\tat com.intellij.rt.testng.IDEARemoteTestNG.run(IDEARemoteTestNG.java:66)\n\tat com.intellij.rt.testng.RemoteTestNGStarter.main(RemoteTestNGStarter.java:109)\nCaused by: org.openqa.selenium.WebDriverException: No such context found.\nBuild info: version: '4.9.0', revision: 'd7057100a6'\nSystem info: os.name: 'Mac OS X', os.arch: 'x86_64', os.version: '12.6', java.version: '11.0.16'\nDriver info: io.appium.java_client.android.AndroidDriver$ByteBuddy$77ywVPi6\nCommand: [c1e713a8-24ca-4982-9ec8-2ac137251b67, switchToContext {name=WEBVIEW}]\nCapabilities {appium:address: 0.0.0.0, appium:allowCors: false, appium:allowInsecure: [], appium:app: /Users/ostan/Documents/Auto..., appium:appActivity: com.example.gesture_automat..., appium:appPackage: com.example.gesture_automate, appium:autoGrantPermissions: true, appium:automationName: FLUTTER, appium:basePath: , appium:browserstack.appium_version: 2.0.0, appium:browserstack.debug: true, appium:browserstack.local: true, appium:browserstack.networkLogs: true, appium:buildName: Mercury_QA, appium:callbackPort: 4723, appium:debugLogSpacing: false, appium:denyInsecure: [], appium:deviceName: emulator-5554, appium:driver: {xcuitest: {wdaLocalPort: 8100}}, appium:eventTimings: true, appium:extraArgs: [], appium:fastReset: true, appium:keepAliveTimeout: 600, appium:localTimezone: false, appium:logNoColors: false, appium:logTimestamp: false, appium:loglevel: debug, appium:longStacktrace: false, appium:name: Flutter Test, appium:newCommandTimeout: 180, appium:noPermsCheck: false, appium:noReset: false, appium:platformVersion: 13.0, appium:port: 4723, appium:relaxedSecurityEnabled: false, appium:sessionOverride: false, appium:skipUninstall: true, appium:strictCaps: false, appium:subcommand: server, appium:tmpDir: /var/folders/h2/7jxd5fsj79l..., appium:udid: , appium:useDrivers: [], appium:usePlugins: [], platformName: ANDROID}\nSession ID: c1e713a8-24ca-4982-9ec8-2ac137251b67\n\tat java.base/jdk.internal.reflect.NativeConstructorAccessorImpl.newInstance0(Native Method)\n\tat java.base/jdk.internal.reflect.NativeConstructorAccessorImpl.newInstance(NativeConstructorAccessorImpl.java:62)\n\tat java.base/jdk.internal.reflect.DelegatingConstructorAccessorImpl.newInstance(DelegatingConstructorAccessorImpl.java:45)\n\tat java.base/java.lang.reflect.Constructor.newInstance(Constructor.java:490)\n\tat org.openqa.selenium.remote.codec.w3c.W3CHttpResponseCodec.createException(W3CHttpResponseCodec.java:200)\n\tat org.openqa.selenium.remote.codec.w3c.W3CHttpResponseCodec.decode(W3CHttpResponseCodec.java:133)\n\tat org.openqa.selenium.remote.codec.w3c.W3CHttpResponseCodec.decode(W3CHttpResponseCodec.java:53)\n\tat org.openqa.selenium.remote.HttpCommandExecutor.execute(HttpCommandExecutor.java:193)\n\tat io.appium.java_client.remote.AppiumCommandExecutor.execute(AppiumCommandExecutor.java:262)\n\tat org.openqa.selenium.remote.RemoteWebDriver.execute(RemoteWebDriver.java:543)\n\tat org.openqa.selenium.remote.RemoteWebDriver.execute(RemoteWebDriver.java:598)\n\tat io.appium.java_client.AppiumDriver.execute(AppiumDriver.java:267)\n\tat io.appium.java_client.android.AndroidDriver$ByteBuddy$77ywVPi6.execute$accessor$JHdrX9ww(Unknown Source)\n\tat io.appium.java_client.android.AndroidDriver$ByteBuddy$77ywVPi6$auxiliary$ffmhH2jw.call(Unknown Source)\n\tat io.appium.java_client.proxy.Interceptor.intercept(Interceptor.java:101)\n\tat io.appium.java_client.android.AndroidDriver$ByteBuddy$77ywVPi6.execute(Unknown Source)\n\tat io.appium.java_client.remote.SupportsContextSwitching.context(SupportsContextSwitching.java:45)\n\t... 34 more\n"},"stage":"finished","steps":[],"attachments":[],"parameters":[],"start":1683474525781,"stop":1683474526718}],"attachments":[{"name":"Failure in method {0}","source":"e33af30f-033a-413c-8ed9-6e6a54513c5c-attachment","type":"image/png"},{"name":"webEnabledTestcase failed and screenshot taken!","source":"d3ca136c-1fd2-49a9-8933-ecf442640b0c-attachment","type":"text/plain"}],"parameters":[{"name":"environment","value":"SamsungLocal"}],"start":1683474492136,"stop":1683474532611,"uuid":"ceb90b6e-2a68-4bbd-928d-ddf6aa765cfc","historyId":"49569ca14b3d5c0666ec645d7d094edf","fullName":"com.codecraft.flutter.WebViewTest.WebViewTest.webEnabledTestcase","labels":[{"name":"package","value":"com.codecraft.flutter.WebViewTest.WebViewTest"},{"name":"testClass","value":"com.codecraft.flutter.WebViewTest.WebViewTest"},{"name":"testMethod","value":"webEnabledTestcase"},{"name":"parentSuite","value":"Flutter Mobile Automation "},{"name":"suite","value":"FLUTTER-12: Regression"},{"name":"subSuite","value":"com.codecraft.flutter.WebViewTest.WebViewTest"},{"name":"host","value":"Ostans-MacBook-Pro-3.local"},{"name":"thread","value":"69207@Ostans-MacBook-Pro-3.local.main(1)"},{"name":"framework","value":"testng"},{"name":"language","value":"java"}],"links":[]}